2026-07-05 10:17:47,029 - INFO - 1 change detected
2026-07-05 10:17:48,793 - INFO - 1 change detected
2026-07-05 10:17:53,378 - INFO - 1 change detected
2026-07-05 10:17:53,732 - INFO - 1 change detected
2026-07-05 10:17:54,106 - INFO - 1 change detected
2026-07-05 10:17:54,461 - INFO - 1 change detected
2026-07-05 10:17:54,819 - INFO - 1 change detected
2026-07-05 10:17:55,177 - INFO - 1 change detected
2026-07-05 10:17:55,530 - INFO - 1 change detected
2026-07-05 10:17:55,893 - INFO - 1 change detected
2026-07-05 10:17:56,248 - INFO - 1 change detected
2026-07-05 10:17:56,613 - INFO - 1 change detected
2026-07-05 10:17:56,974 - INFO - 1 change detected
2026-07-05 10:17:57,326 - INFO - 1 change detected
2026-07-05 10:17:57,678 - INFO - 1 change detected
2026-07-05 10:17:58,058 - INFO - 1 change detected
2026-07-05 10:17:58,416 - INFO - 1 change detected
2026-07-05 10:17:58,777 - INFO - 1 change detected
2026-07-05 10:17:59,140 - INFO - 1 change detected
2026-07-05 10:17:59,495 - INFO - 1 change detected
2026-07-05 10:17:59,847 - INFO - 1 change detected
2026-07-05 10:18:00,206 - INFO - 1 change detected
2026-07-05 10:18:00,560 - INFO - 1 change detected
2026-07-05 10:18:00,910 - INFO - 1 change detected
2026-07-05 10:18:01,264 - INFO - SIAC iniciado correctamente
2026-07-05 10:18:01,319 - INFO - 6 changes detected
2026-07-05 10:18:01,731 - INFO - 1 change detected
2026-07-05 10:18:02,082 - INFO - 1 change detected
2026-07-05 10:18:02,443 - INFO - 1 change detected
2026-07-05 10:18:02,794 - INFO - 1 change detected
2026-07-05 10:18:03,151 - INFO - 1 change detected
2026-07-05 10:18:03,508 - INFO - 1 change detected
2026-07-05 10:18:03,865 - INFO - 1 change detected
2026-07-05 10:18:04,216 - INFO - 1 change detected
2026-07-05 10:18:04,570 - INFO - 1 change detected
2026-07-05 10:18:04,934 - INFO - 1 change detected
2026-07-05 10:18:05,286 - INFO - 1 change detected
2026-07-05 10:18:05,644 - INFO - 1 change detected
2026-07-05 10:18:06,009 - INFO - 1 change detected
2026-07-05 10:18:06,360 - INFO - 1 change detected
2026-07-05 10:18:06,715 - INFO - 1 change detected
2026-07-05 10:18:07,082 - INFO - 1 change detected
2026-07-05 10:18:07,446 - INFO - 1 change detected
2026-07-05 10:18:07,810 - INFO - 1 change detected
2026-07-05 10:18:08,175 - INFO - 1 change detected
2026-07-05 10:18:08,530 - INFO - 1 change detected
2026-07-05 10:18:08,892 - INFO - 1 change detected
2026-07-05 10:18:09,256 - INFO - 1 change detected
2026-07-05 10:18:09,610 - INFO - 1 change detected
2026-07-05 10:18:09,973 - INFO - 1 change detected
2026-07-05 10:18:10,329 - INFO - 1 change detected
2026-07-05 10:18:10,694 - INFO - 1 change detected
2026-07-05 10:18:11,055 - INFO - 1 change detected
2026-07-05 10:18:11,413 - INFO - 1 change detected
2026-07-05 10:18:11,768 - INFO - 1 change detected
2026-07-05 10:18:12,133 - INFO - 1 change detected
2026-07-05 10:18:12,493 - INFO - 1 change detected
2026-07-05 10:18:12,848 - INFO - 1 change detected
2026-07-05 10:18:13,214 - INFO - 1 change detected
2026-07-05 10:18:13,576 - INFO - 1 change detected
2026-07-05 10:18:13,927 - INFO - 1 change detected
2026-07-05 10:18:14,283 - INFO - 1 change detected
2026-07-05 10:18:14,643 - INFO - 1 change detected
2026-07-05 10:18:15,008 - INFO - 1 change detected
2026-07-05 10:18:15,359 - INFO - 1 change detected
2026-07-05 10:18:15,711 - INFO - 1 change detected
2026-07-05 10:18:16,072 - INFO - 1 change detected
2026-07-05 10:18:16,439 - INFO - 1 change detected
2026-07-05 10:18:16,793 - INFO - 1 change detected
2026-07-05 10:18:17,158 - INFO - 1 change detected
2026-07-05 10:18:17,509 - INFO - 1 change detected
2026-07-05 10:18:17,875 - INFO - 1 change detected
2026-07-05 10:18:18,231 - INFO - 1 change detected
2026-07-05 10:18:18,589 - INFO - 1 change detected
2026-07-05 10:18:18,953 - INFO - 1 change detected
2026-07-05 10:18:19,309 - INFO - 1 change detected
2026-07-05 10:18:19,666 - INFO - 1 change detected
2026-07-05 10:18:20,025 - INFO - 1 change detected
2026-07-05 10:18:20,379 - INFO - 1 change detected
2026-07-05 10:18:20,743 - INFO - 1 change detected
2026-07-05 10:18:21,105 - INFO - 1 change detected
2026-07-05 10:18:21,458 - INFO - 1 change detected
2026-07-05 10:18:21,809 - INFO - 1 change detected
2026-07-05 10:18:22,169 - INFO - 1 change detected
2026-07-05 10:18:22,527 - INFO - 1 change detected
2026-07-05 10:18:22,891 - INFO - 1 change detected
2026-07-05 10:18:23,248 - INFO - 1 change detected
2026-07-05 10:18:23,608 - INFO - 1 change detected
2026-07-05 10:18:23,959 - INFO - 1 change detected
2026-07-05 10:18:24,316 - INFO - 1 change detected
2026-07-05 10:18:24,668 - INFO - 1 change detected
2026-07-05 10:18:25,019 - INFO - 1 change detected
2026-07-05 10:18:25,375 - INFO - 1 change detected
2026-07-05 10:18:25,741 - INFO - 1 change detected
2026-07-05 10:18:26,105 - INFO - 1 change detected
2026-07-05 10:18:26,469 - INFO - 1 change detected
2026-07-05 10:18:26,827 - INFO - 1 change detected
2026-07-05 10:18:27,192 - INFO - 1 change detected
2026-07-05 10:18:27,545 - INFO - 1 change detected
2026-07-05 10:18:27,909 - INFO - 1 change detected
2026-07-05 10:18:28,266 - INFO - 1 change detected
2026-07-05 10:18:28,625 - INFO - 1 change detected
2026-07-05 10:18:28,976 - INFO - 1 change detected
2026-07-05 10:18:29,342 - INFO - 1 change detected
2026-07-05 10:18:29,694 - INFO - 1 change detected
2026-07-05 10:18:30,058 - INFO - 1 change detected
2026-07-05 10:18:30,413 - INFO - 1 change detected
2026-07-05 10:18:30,766 - INFO - 1 change detected
2026-07-05 10:18:31,119 - INFO - 1 change detected
2026-07-05 10:18:31,474 - INFO - 1 change detected
2026-07-05 10:18:31,828 - INFO - 1 change detected
2026-07-05 10:18:32,185 - INFO - 1 change detected
2026-07-05 10:18:32,543 - INFO - 1 change detected
2026-07-05 10:18:32,908 - INFO - 1 change detected
2026-07-05 10:18:33,265 - INFO - 1 change detected
2026-07-05 10:18:33,622 - INFO - 1 change detected
2026-07-05 10:18:33,980 - INFO - 1 change detected
2026-07-05 10:18:34,342 - INFO - 1 change detected
2026-07-05 10:18:34,708 - INFO - 1 change detected
2026-07-05 10:18:35,073 - INFO - 1 change detected
2026-07-05 10:18:35,432 - INFO - 1 change detected
2026-07-05 10:18:35,791 - INFO - 1 change detected
2026-07-05 10:18:36,159 - INFO - 1 change detected
2026-07-05 10:18:36,510 - INFO - 1 change detected
2026-07-05 10:18:36,875 - INFO - 1 change detected
2026-07-05 10:18:37,235 - INFO - 1 change detected
2026-07-05 10:18:37,591 - INFO - 1 change detected
2026-07-05 10:18:37,944 - INFO - 1 change detected
2026-07-05 10:18:38,299 - INFO - 1 change detected
2026-07-05 10:18:38,660 - INFO - 1 change detected
2026-07-05 10:18:39,025 - INFO - 1 change detected
2026-07-05 10:18:39,383 - INFO - 1 change detected
2026-07-05 10:18:39,735 - INFO - 1 change detected
2026-07-05 10:18:40,094 - INFO - 1 change detected
2026-07-05 10:18:40,459 - INFO - 1 change detected
2026-07-05 10:18:40,830 - INFO - 1 change detected
2026-07-05 10:18:41,188 - INFO - 1 change detected
2026-07-05 10:18:41,541 - INFO - 1 change detected
2026-07-05 10:18:41,893 - INFO - 1 change detected
2026-07-05 10:18:42,257 - INFO - 1 change detected
2026-07-05 10:18:42,611 - INFO - 1 change detected
2026-07-05 10:18:42,976 - INFO - 1 change detected
2026-07-05 10:18:43,330 - INFO - 1 change detected
2026-07-05 10:18:43,693 - INFO - 1 change detected
2026-07-05 10:18:44,058 - INFO - 1 change detected
2026-07-05 10:18:44,410 - INFO - 1 change detected
2026-07-05 10:18:44,776 - INFO - 1 change detected
2026-07-05 10:18:45,140 - INFO - 1 change detected
2026-07-05 10:18:45,498 - INFO - 1 change detected
2026-07-05 10:18:45,850 - INFO - 1 change detected
2026-07-05 10:18:46,207 - INFO - 1 change detected
2026-07-05 10:18:46,566 - INFO - 1 change detected
2026-07-05 10:18:46,918 - INFO - 1 change detected
2026-07-05 10:18:47,274 - INFO - 1 change detected
2026-07-05 10:18:47,629 - INFO - 1 change detected
2026-07-05 10:18:48,002 - INFO - 1 change detected
2026-07-05 10:18:48,356 - INFO - 1 change detected
2026-07-05 10:18:48,708 - INFO - 1 change detected
2026-07-05 10:18:49,060 - INFO - 1 change detected
2026-07-05 10:18:49,426 - INFO - 1 change detected
2026-07-05 10:18:49,791 - INFO - 1 change detected
2026-07-05 10:18:50,156 - INFO - 1 change detected
2026-07-05 10:18:50,508 - INFO - 1 change detected
2026-07-05 10:18:50,860 - INFO - 1 change detected
2026-07-05 10:18:51,221 - INFO - 1 change detected
2026-07-05 10:18:51,582 - INFO - 1 change detected
2026-07-05 10:18:51,941 - INFO - 1 change detected
2026-07-05 10:18:52,296 - INFO - 1 change detected
2026-07-05 10:18:52,657 - INFO - 1 change detected
2026-07-05 10:18:53,008 - INFO - 1 change detected
2026-07-05 10:18:53,360 - INFO - 1 change detected
2026-07-05 10:18:53,725 - INFO - 1 change detected
2026-07-05 10:18:54,090 - INFO - 1 change detected
2026-07-05 10:18:54,442 - INFO - 1 change detected
2026-07-05 10:18:54,798 - INFO - 1 change detected
2026-07-05 10:18:55,158 - INFO - 1 change detected
2026-07-05 10:18:55,509 - INFO - 1 change detected
2026-07-05 10:18:55,860 - INFO - 1 change detected
2026-07-05 10:18:56,211 - INFO - 1 change detected
2026-07-05 10:18:56,573 - INFO - 1 change detected
2026-07-05 10:18:56,926 - INFO - 1 change detected
2026-07-05 10:18:57,291 - INFO - 1 change detected
2026-07-05 10:18:57,655 - INFO - 1 change detected
2026-07-05 10:18:58,008 - INFO - 1 change detected
2026-07-05 10:18:58,374 - INFO - 1 change detected
2026-07-05 10:18:58,726 - INFO - 1 change detected
2026-07-05 10:18:59,091 - INFO - 1 change detected
2026-07-05 10:18:59,450 - INFO - 1 change detected
2026-07-05 10:18:59,808 - INFO - 1 change detected
2026-07-05 10:19:00,173 - INFO - 1 change detected
2026-07-05 10:19:00,532 - INFO - 1 change detected
2026-07-05 10:19:00,886 - INFO - 1 change detected
2026-07-05 10:19:01,242 - INFO - 1 change detected
2026-07-05 10:19:01,596 - INFO - 1 change detected
2026-07-05 10:19:01,959 - INFO - 1 change detected
2026-07-05 10:19:02,324 - INFO - 1 change detected
2026-07-05 10:19:02,677 - INFO - 1 change detected
2026-07-05 10:19:03,033 - INFO - 1 change detected
2026-07-05 10:19:03,390 - INFO - 1 change detected
2026-07-05 10:19:03,741 - INFO - 1 change detected
2026-07-05 10:19:04,107 - INFO - 1 change detected
2026-07-05 10:19:04,472 - INFO - 1 change detected
2026-07-05 10:19:04,826 - INFO - 1 change detected
2026-07-05 10:19:05,188 - INFO - 1 change detected
2026-07-05 10:19:05,543 - INFO - 1 change detected
2026-07-05 10:19:05,905 - INFO - 1 change detected
2026-07-05 10:19:06,273 - INFO - 1 change detected
2026-07-05 10:19:06,628 - INFO - 1 change detected
2026-07-05 10:19:06,990 - INFO - 1 change detected
2026-07-05 10:19:07,357 - INFO - 1 change detected
2026-07-05 10:19:07,707 - INFO - 1 change detected
2026-07-05 10:19:08,074 - INFO - 1 change detected
2026-07-05 10:19:08,426 - INFO - 1 change detected
2026-07-05 10:19:08,786 - INFO - 1 change detected
2026-07-05 10:19:09,141 - INFO - 1 change detected
2026-07-05 10:19:09,496 - INFO - 1 change detected
2026-07-05 10:19:09,858 - INFO - 1 change detected
2026-07-05 10:19:10,221 - INFO - 1 change detected
2026-07-05 10:19:10,574 - INFO - 1 change detected
2026-07-05 10:19:10,926 - INFO - 1 change detected
2026-07-05 10:19:11,287 - INFO - 1 change detected
2026-07-05 10:19:11,640 - INFO - 1 change detected
2026-07-05 10:19:11,998 - INFO - 1 change detected
2026-07-05 10:19:12,356 - INFO - 1 change detected
2026-07-05 10:19:12,724 - INFO - 1 change detected
2026-07-05 10:19:13,089 - INFO - 1 change detected
2026-07-05 10:19:13,440 - INFO - 1 change detected
2026-07-05 10:19:13,792 - INFO - 1 change detected
2026-07-05 10:19:14,154 - INFO - 1 change detected
2026-07-05 10:19:14,507 - INFO - 1 change detected
2026-07-05 10:19:14,873 - INFO - 1 change detected
2026-07-05 10:19:15,204 - INFO - Pregunta recibida: que es la diabetes?
2026-07-05 10:19:15,207 - INFO - No device provided, using cpu
2026-07-05 10:19:15,248 - INFO - 1 change detected
2026-07-05 10:19:15,612 - INFO - 1 change detected
2026-07-05 10:19:15,974 - INFO - 1 change detected
2026-07-05 10:19:16,339 - INFO - 1 change detected
2026-07-05 10:19:16,369 - INFO - HTTP Request: HEAD https://huggingface.co/sentence-transformers/all-MiniLM-L6-v2/resolve/main/modules.json "HTTP/1.1 307 Temporary Redirect"
2026-07-05 10:19:16,370 - WARNING - Warning: You are sending unauthenticated requests to the HF Hub. Please set a HF_TOKEN to enable higher rate limits and faster downloads.
2026-07-05 10:19:16,415 - INFO - HTTP Request: HEAD https://huggingface.co/api/resolve-cache/models/sentence-transformers/all-MiniLM-L6-v2/1110a243fdf4706b3f48f1d95db1a4f5529b4d41/modules.json "HTTP/1.1 200 OK"
2026-07-05 10:19:16,618 - INFO - HTTP Request: HEAD https://huggingface.co/sentence-transformers/all-MiniLM-L6-v2/resolve/main/config_sentence_transformers.json "HTTP/1.1 307 Temporary Redirect"
2026-07-05 10:19:16,662 - INFO - HTTP Request: HEAD https://huggingface.co/api/resolve-cache/models/sentence-transformers/all-MiniLM-L6-v2/1110a243fdf4706b3f48f1d95db1a4f5529b4d41/config_sentence_transformers.json "HTTP/1.1 200 OK"
2026-07-05 10:19:16,679 - INFO - Loading SentenceTransformer model from sentence-transformers/all-MiniLM-L6-v2.
2026-07-05 10:19:16,691 - INFO - 1 change detected
2026-07-05 10:19:16,870 - INFO - HTTP Request: HEAD https://huggingface.co/sentence-transformers/all-MiniLM-L6-v2/resolve/main/config_sentence_transformers.json "HTTP/1.1 307 Temporary Redirect"
2026-07-05 10:19:16,918 - INFO - HTTP Request: HEAD https://huggingface.co/api/resolve-cache/models/sentence-transformers/all-MiniLM-L6-v2/1110a243fdf4706b3f48f1d95db1a4f5529b4d41/config_sentence_transformers.json "HTTP/1.1 200 OK"
2026-07-05 10:19:17,055 - INFO - 1 change detected
2026-07-05 10:19:17,132 - INFO - HTTP Request: HEAD https://huggingface.co/sentence-transformers/all-MiniLM-L6-v2/resolve/main/README.md "HTTP/1.1 307 Temporary Redirect"
2026-07-05 10:19:17,168 - INFO - HTTP Request: HEAD https://huggingface.co/api/resolve-cache/models/sentence-transformers/all-MiniLM-L6-v2/1110a243fdf4706b3f48f1d95db1a4f5529b4d41/README.md "HTTP/1.1 200 OK"
2026-07-05 10:19:17,394 - INFO - HTTP Request: HEAD https://huggingface.co/sentence-transformers/all-MiniLM-L6-v2/resolve/main/modules.json "HTTP/1.1 307 Temporary Redirect"
2026-07-05 10:19:17,424 - INFO - 1 change detected
2026-07-05 10:19:17,453 - INFO - HTTP Request: HEAD https://huggingface.co/api/resolve-cache/models/sentence-transformers/all-MiniLM-L6-v2/1110a243fdf4706b3f48f1d95db1a4f5529b4d41/modules.json "HTTP/1.1 200 OK"
2026-07-05 10:19:17,668 - INFO - HTTP Request: HEAD https://huggingface.co/sentence-transformers/all-MiniLM-L6-v2/resolve/main/sentence_bert_config.json "HTTP/1.1 307 Temporary Redirect"
2026-07-05 10:19:17,720 - INFO - HTTP Request: HEAD https://huggingface.co/api/resolve-cache/models/sentence-transformers/all-MiniLM-L6-v2/1110a243fdf4706b3f48f1d95db1a4f5529b4d41/sentence_bert_config.json "HTTP/1.1 200 OK"
2026-07-05 10:19:17,775 - INFO - 1 change detected
2026-07-05 10:19:17,944 - INFO - HTTP Request: HEAD https://huggingface.co/sentence-transformers/all-MiniLM-L6-v2/resolve/main/adapter_config.json "HTTP/1.1 404 Not Found"
2026-07-05 10:19:18,140 - INFO - 1 change detected
2026-07-05 10:19:18,168 - INFO - HTTP Request: HEAD https://huggingface.co/sentence-transformers/all-MiniLM-L6-v2/resolve/main/config.json "HTTP/1.1 307 Temporary Redirect"
2026-07-05 10:19:18,227 - INFO - HTTP Request: HEAD https://huggingface.co/api/resolve-cache/models/sentence-transformers/all-MiniLM-L6-v2/1110a243fdf4706b3f48f1d95db1a4f5529b4d41/config.json "HTTP/1.1 200 OK"
2026-07-05 10:19:18,492 - INFO - 1 change detected
2026-07-05 10:19:18,814 - INFO - HTTP Request: HEAD https://huggingface.co/sentence-transformers/all-MiniLM-L6-v2/resolve/main/processor_config.json "HTTP/1.1 404 Not Found"
2026-07-05 10:19:18,857 - INFO - 1 change detected
2026-07-05 10:19:19,030 - INFO - HTTP Request: HEAD https://huggingface.co/sentence-transformers/all-MiniLM-L6-v2/resolve/main/preprocessor_config.json "HTTP/1.1 404 Not Found"
2026-07-05 10:19:19,222 - INFO - 1 change detected
2026-07-05 10:19:19,271 - INFO - HTTP Request: HEAD https://huggingface.co/sentence-transformers/all-MiniLM-L6-v2/resolve/main/video_preprocessor_config.json "HTTP/1.1 404 Not Found"
2026-07-05 10:19:19,491 - INFO - HTTP Request: HEAD https://huggingface.co/sentence-transformers/all-MiniLM-L6-v2/resolve/main/preprocessor_config.json "HTTP/1.1 404 Not Found"
2026-07-05 10:19:19,574 - INFO - 1 change detected
2026-07-05 10:19:19,704 - INFO - HTTP Request: HEAD https://huggingface.co/sentence-transformers/all-MiniLM-L6-v2/resolve/main/tokenizer_config.json "HTTP/1.1 307 Temporary Redirect"
2026-07-05 10:19:19,770 - INFO - HTTP Request: HEAD https://huggingface.co/api/resolve-cache/models/sentence-transformers/all-MiniLM-L6-v2/1110a243fdf4706b3f48f1d95db1a4f5529b4d41/tokenizer_config.json "HTTP/1.1 200 OK"
2026-07-05 10:19:19,941 - INFO - 1 change detected
2026-07-05 10:19:20,007 - INFO - HTTP Request: HEAD https://huggingface.co/sentence-transformers/all-MiniLM-L6-v2/resolve/main/config.json "HTTP/1.1 307 Temporary Redirect"
2026-07-05 10:19:20,074 - INFO - HTTP Request: HEAD https://huggingface.co/api/resolve-cache/models/sentence-transformers/all-MiniLM-L6-v2/1110a243fdf4706b3f48f1d95db1a4f5529b4d41/config.json "HTTP/1.1 200 OK"
2026-07-05 10:19:20,297 - INFO - HTTP Request: HEAD https://huggingface.co/sentence-transformers/all-MiniLM-L6-v2/resolve/main/config.json "HTTP/1.1 307 Temporary Redirect"
2026-07-05 10:19:20,307 - INFO - 1 change detected
2026-07-05 10:19:20,375 - INFO - HTTP Request: HEAD https://huggingface.co/api/resolve-cache/models/sentence-transformers/all-MiniLM-L6-v2/1110a243fdf4706b3f48f1d95db1a4f5529b4d41/config.json "HTTP/1.1 200 OK"
2026-07-05 10:19:20,613 - INFO - HTTP Request: HEAD https://huggingface.co/sentence-transformers/all-MiniLM-L6-v2/resolve/main/tokenizer_config.json "HTTP/1.1 307 Temporary Redirect"
2026-07-05 10:19:20,661 - INFO - 1 change detected
2026-07-05 10:19:20,700 - INFO - HTTP Request: HEAD https://huggingface.co/api/resolve-cache/models/sentence-transformers/all-MiniLM-L6-v2/1110a243fdf4706b3f48f1d95db1a4f5529b4d41/tokenizer_config.json "HTTP/1.1 200 OK"
2026-07-05 10:19:20,942 - INFO - HTTP Request: GET https://huggingface.co/api/models/sentence-transformers/all-MiniLM-L6-v2/tree/main/additional_chat_templates?recursive=false&expand=false "HTTP/1.1 404 Not Found"
2026-07-05 10:19:21,016 - INFO - 1 change detected
2026-07-05 10:19:21,151 - INFO - HTTP Request: GET https://huggingface.co/api/models/sentence-transformers/all-MiniLM-L6-v2/tree/main?recursive=true&expand=false "HTTP/1.1 200 OK"
2026-07-05 10:19:21,373 - INFO - 1 change detected
2026-07-05 10:19:21,472 - INFO - HTTP Request: HEAD https://huggingface.co/sentence-transformers/all-MiniLM-L6-v2/resolve/main/1_Pooling/config.json "HTTP/1.1 307 Temporary Redirect"
2026-07-05 10:19:21,543 - INFO - HTTP Request: HEAD https://huggingface.co/api/resolve-cache/models/sentence-transformers/all-MiniLM-L6-v2/1110a243fdf4706b3f48f1d95db1a4f5529b4d41/1_Pooling%2Fconfig.json "HTTP/1.1 200 OK"
2026-07-05 10:19:21,725 - INFO - 1 change detected
2026-07-05 10:19:21,772 - INFO - HTTP Request: GET https://huggingface.co/api/models/sentence-transformers/all-MiniLM-L6-v2 "HTTP/1.1 200 OK"
2026-07-05 10:19:22,091 - INFO - 1 change detected
2026-07-05 10:19:22,456 - INFO - 1 change detected
2026-07-05 10:19:22,807 - INFO - 1 change detected
2026-07-05 10:19:23,157 - INFO - 1 change detected
2026-07-05 10:19:23,510 - INFO - 1 change detected
2026-07-05 10:19:23,873 - INFO - 1 change detected
2026-07-05 10:19:24,240 - INFO - 1 change detected
2026-07-05 10:19:24,592 - INFO - 1 change detected
2026-07-05 10:19:24,957 - INFO - 1 change detected
2026-07-05 10:19:25,323 - INFO - 4 changes detected
2026-07-05 10:19:25,377 - INFO - Respuesta generada correctamente.
2026-07-05 10:19:25,378 - INFO - Latencia: 10.17 segundos
2026-07-05 10:19:25,680 - INFO - 1 change detected
2026-07-05 10:19:26,037 - INFO - 1 change detected
2026-07-05 10:19:26,389 - INFO - 1 change detected
2026-07-05 10:19:26,755 - INFO - 1 change detected
2026-07-05 10:19:27,108 - INFO - 1 change detected
2026-07-05 10:19:27,472 - INFO - 1 change detected
2026-07-05 10:19:27,824 - INFO - 1 change detected
2026-07-05 10:19:28,191 - INFO - 1 change detected
2026-07-05 10:19:28,542 - INFO - 1 change detected
2026-07-05 10:19:28,907 - INFO - 1 change detected
2026-07-05 10:19:29,271 - INFO - 1 change detected
2026-07-05 10:19:29,622 - INFO - 1 change detected
2026-07-05 10:19:29,974 - INFO - 1 change detected
2026-07-05 10:19:30,332 - INFO - 1 change detected
2026-07-05 10:19:30,688 - INFO - 1 change detected
2026-07-05 10:19:31,052 - INFO - 1 change detected
2026-07-05 10:19:31,406 - INFO - 1 change detected
2026-07-05 10:19:31,762 - INFO - 1 change detected
2026-07-05 10:19:32,124 - INFO - 1 change detected
2026-07-05 10:19:32,479 - INFO - 1 change detected
2026-07-05 10:19:32,842 - INFO - 1 change detected
2026-07-05 10:19:33,207 - INFO - 1 change detected
2026-07-05 10:19:33,572 - INFO - 1 change detected
2026-07-05 10:19:33,924 - INFO - 1 change detected
2026-07-05 10:19:34,274 - INFO - 1 change detected
2026-07-05 10:19:34,636 - INFO - 1 change detected
2026-07-05 10:19:34,990 - INFO - 1 change detected
2026-07-05 10:19:35,353 - INFO - 1 change detected
2026-07-05 10:19:35,707 - INFO - 1 change detected
2026-07-05 10:19:36,067 - INFO - 1 change detected
2026-07-05 10:19:36,423 - INFO - 1 change detected
2026-07-05 10:19:36,789 - INFO - 1 change detected
2026-07-05 10:19:37,140 - INFO - 1 change detected
2026-07-05 10:19:37,502 - INFO - 1 change detected
2026-07-05 10:19:37,857 - INFO - 1 change detected
2026-07-05 10:19:38,224 - INFO - 1 change detected
2026-07-05 10:19:38,574 - INFO - 1 change detected
2026-07-05 10:19:38,940 - INFO - 1 change detected
2026-07-05 10:19:39,305 - INFO - 1 change detected
2026-07-05 10:19:39,657 - INFO - 1 change detected
2026-07-05 10:19:40,011 - INFO - 1 change detected
2026-07-05 10:19:40,374 - INFO - 1 change detected
2026-07-05 10:19:40,731 - INFO - 1 change detected
2026-07-05 10:19:41,086 - INFO - 1 change detected
2026-07-05 10:19:41,437 - INFO - 1 change detected
2026-07-05 10:19:41,790 - INFO - 1 change detected
2026-07-05 10:19:42,145 - INFO - 1 change detected
2026-07-05 10:19:42,505 - INFO - 1 change detected
2026-07-05 10:19:42,857 - INFO - 1 change detected
2026-07-05 10:19:43,209 - INFO - 1 change detected
2026-07-05 10:19:43,572 - INFO - 1 change detected
2026-07-05 10:19:43,923 - INFO - 1 change detected
2026-07-05 10:19:44,290 - INFO - 1 change detected
2026-07-05 10:19:44,643 - INFO - 1 change detected
2026-07-05 10:19:45,005 - INFO - 1 change detected
2026-07-05 10:19:45,372 - INFO - 1 change detected
2026-07-05 10:19:45,723 - INFO - 1 change detected
2026-07-05 10:19:46,085 - INFO - 1 change detected
2026-07-05 10:19:46,440 - INFO - 1 change detected
2026-07-05 10:19:46,796 - INFO - 1 change detected
2026-07-05 10:19:47,152 - INFO - 1 change detected
2026-07-05 10:19:47,505 - INFO - 1 change detected
2026-07-05 10:19:47,858 - INFO - 1 change detected
2026-07-05 10:19:48,223 - INFO - 1 change detected
2026-07-05 10:19:48,580 - INFO - 1 change detected
2026-07-05 10:19:48,940 - INFO - 1 change detected
2026-07-05 10:19:49,291 - INFO - 1 change detected
2026-07-05 10:19:49,656 - INFO - 1 change detected
2026-07-05 10:19:50,029 - INFO - 1 change detected
2026-07-05 10:19:50,390 - INFO - 1 change detected
2026-07-05 10:19:50,753 - INFO - 1 change detected
2026-07-05 10:19:51,108 - INFO - 1 change detected
2026-07-05 10:19:51,471 - INFO - 1 change detected
2026-07-05 10:19:51,826 - INFO - 1 change detected
2026-07-05 10:19:52,192 - INFO - 1 change detected
2026-07-05 10:19:52,557 - INFO - 1 change detected
2026-07-05 10:19:52,922 - INFO - 1 change detected
2026-07-05 10:19:53,275 - INFO - 1 change detected
2026-07-05 10:19:53,640 - INFO - 1 change detected
2026-07-05 10:19:53,998 - INFO - 1 change detected
2026-07-05 10:19:54,357 - INFO - 1 change detected
2026-07-05 10:19:54,718 - INFO - 1 change detected
2026-07-05 10:19:55,076 - INFO - 1 change detected
2026-07-05 10:19:55,439 - INFO - 1 change detected
2026-07-05 10:19:55,806 - INFO - 1 change detected
2026-07-05 10:19:56,170 - INFO - 1 change detected
2026-07-05 10:19:56,525 - INFO - 1 change detected
2026-07-05 10:19:56,887 - INFO - 1 change detected
2026-07-05 10:19:57,240 - INFO - 1 change detected
2026-07-05 10:19:57,591 - INFO - 1 change detected
2026-07-05 10:19:57,952 - INFO - 1 change detected
2026-07-05 10:19:58,325 - INFO - 1 change detected
2026-07-05 10:19:58,686 - INFO - 1 change detected
2026-07-05 10:19:59,046 - INFO - 1 change detected
2026-07-05 10:19:59,403 - INFO - 1 change detected
2026-07-05 10:19:59,755 - INFO - 1 change detected
2026-07-05 10:20:00,107 - INFO - 1 change detected
2026-07-05 10:20:00,473 - INFO - 1 change detected
2026-07-05 10:20:00,832 - INFO - 1 change detected
2026-07-05 10:20:01,185 - INFO - 1 change detected
2026-07-05 10:20:01,540 - INFO - 1 change detected
2026-07-05 10:20:01,906 - INFO - 1 change detected
2026-07-05 10:20:02,258 - INFO - 1 change detected
2026-07-05 10:20:02,622 - INFO - 1 change detected
2026-07-05 10:20:02,973 - INFO - 1 change detected
2026-07-05 10:20:03,325 - INFO - 1 change detected
2026-07-05 10:20:03,689 - INFO - 1 change detected
2026-07-05 10:20:04,058 - INFO - 1 change detected
2026-07-05 10:20:04,417 - INFO - 1 change detected
2026-07-05 10:20:04,777 - INFO - 1 change detected
2026-07-05 10:20:05,146 - INFO - 1 change detected
2026-07-05 10:20:05,506 - INFO - 1 change detected
2026-07-05 10:20:05,873 - INFO - 1 change detected
2026-07-05 10:20:06,226 - INFO - 1 change detected
2026-07-05 10:20:06,589 - INFO - 1 change detected
2026-07-05 10:20:06,951 - INFO - 1 change detected
2026-07-05 10:20:07,306 - INFO - 1 change detected
2026-07-05 10:20:07,659 - INFO - 1 change detected
2026-07-05 10:20:08,018 - INFO - 1 change detected
2026-07-05 10:20:08,372 - INFO - 1 change detected
2026-07-05 10:20:08,724 - INFO - 1 change detected
2026-07-05 10:20:09,081 - INFO - 1 change detected
2026-07-05 10:20:09,433 - INFO - 1 change detected
2026-07-05 10:20:09,793 - INFO - 1 change detected
2026-07-05 10:20:10,150 - INFO - 1 change detected
2026-07-05 10:20:10,507 - INFO - 1 change detected
2026-07-05 10:20:10,871 - INFO - 1 change detected
2026-07-05 10:20:11,222 - INFO - 1 change detected
2026-07-05 10:20:11,573 - INFO - 1 change detected
2026-07-05 10:20:11,938 - INFO - 1 change detected
2026-07-05 10:20:12,292 - INFO - 1 change detected
2026-07-05 10:20:12,656 - INFO - 1 change detected
2026-07-05 10:20:13,023 - INFO - 1 change detected
2026-07-05 10:20:13,389 - INFO - 1 change detected
2026-07-05 10:20:13,755 - INFO - 1 change detected
2026-07-05 10:20:14,116 - INFO - 1 change detected
2026-07-05 10:20:14,468 - INFO - 1 change detected
2026-07-05 10:20:14,834 - INFO - 1 change detected
2026-07-05 10:20:15,199 - INFO - 1 change detected
2026-07-05 10:20:15,565 - INFO - 1 change detected
2026-07-05 10:20:15,922 - INFO - 1 change detected
2026-07-05 10:20:16,273 - INFO - 1 change detected
2026-07-05 10:20:16,625 - INFO - 1 change detected
2026-07-05 10:20:16,980 - INFO - 1 change detected
2026-07-05 10:20:17,343 - INFO - 1 change detected
2026-07-05 10:20:17,706 - INFO - 1 change detected
2026-07-05 10:20:18,062 - INFO - 1 change detected
2026-07-05 10:20:18,415 - INFO - 1 change detected
2026-07-05 10:20:18,773 - INFO - 1 change detected
2026-07-05 10:20:19,137 - INFO - 1 change detected
2026-07-05 10:20:19,489 - INFO - 1 change detected
2026-07-05 10:20:19,841 - INFO - 1 change detected
2026-07-05 10:20:20,204 - INFO - 1 change detected
2026-07-05 10:20:20,555 - INFO - 1 change detected
2026-07-05 10:20:20,909 - INFO - 1 change detected
2026-07-05 10:20:21,265 - INFO - 1 change detected
2026-07-05 10:20:21,621 - INFO - 1 change detected
2026-07-05 10:20:21,985 - INFO - 1 change detected
2026-07-05 10:20:22,339 - INFO - 1 change detected
2026-07-05 10:20:22,690 - INFO - 1 change detected
2026-07-05 10:20:23,055 - INFO - 1 change detected
2026-07-05 10:20:23,415 - INFO - 1 change detected
2026-07-05 10:20:23,773 - INFO - 1 change detected
2026-07-05 10:20:24,124 - INFO - 1 change detected
2026-07-05 10:20:24,488 - INFO - 1 change detected
2026-07-05 10:20:24,852 - INFO - 1 change detected
2026-07-05 10:20:25,206 - INFO - 1 change detected
2026-07-05 10:20:25,562 - INFO - 1 change detected
2026-07-05 10:20:25,921 - INFO - 1 change detected
2026-07-05 10:20:26,274 - INFO - 1 change detected
2026-07-05 10:20:26,635 - INFO - 1 change detected
2026-07-05 10:20:26,993 - INFO - 1 change detected
2026-07-05 10:20:27,354 - INFO - 1 change detected
2026-07-05 10:20:27,720 - INFO - 1 change detected
2026-07-05 10:20:28,072 - INFO - 1 change detected
2026-07-05 10:20:28,438 - INFO - 1 change detected
2026-07-05 10:20:28,804 - INFO - 1 change detected
2026-07-05 10:20:29,158 - INFO - 1 change detected
2026-07-05 10:20:29,514 - INFO - 1 change detected
2026-07-05 10:20:29,870 - INFO - 1 change detected
2026-07-05 10:20:30,228 - INFO - 1 change detected
2026-07-05 10:20:30,588 - INFO - 1 change detected
2026-07-05 10:20:30,944 - INFO - 1 change detected
2026-07-05 10:20:31,304 - INFO - 1 change detected
2026-07-05 10:20:31,656 - INFO - 1 change detected
2026-07-05 10:20:32,014 - INFO - 1 change detected
2026-07-05 10:20:32,372 - INFO - 1 change detected
2026-07-05 10:20:32,724 - INFO - 1 change detected
2026-07-05 10:20:33,087 - INFO - 1 change detected
2026-07-05 10:20:33,448 - INFO - 1 change detected
2026-07-05 10:20:33,804 - INFO - 1 change detected
2026-07-05 10:20:34,172 - INFO - 1 change detected
2026-07-05 10:20:34,523 - INFO - 1 change detected
2026-07-05 10:20:34,886 - INFO - 1 change detected
2026-07-05 10:20:35,242 - INFO - 1 change detected
2026-07-05 10:20:35,605 - INFO - 1 change detected
2026-07-05 10:20:35,971 - INFO - 1 change detected
2026-07-05 10:20:36,323 - INFO - 1 change detected
2026-07-05 10:20:36,688 - INFO - 1 change detected
2026-07-05 10:20:37,045 - INFO - 1 change detected
2026-07-05 10:20:37,405 - INFO - 1 change detected
2026-07-05 10:20:37,760 - INFO - 1 change detected
2026-07-05 10:20:38,116 - INFO - 1 change detected
2026-07-05 10:20:38,471 - INFO - 1 change detected
2026-07-05 10:20:38,825 - INFO - 1 change detected
2026-07-05 10:20:39,188 - INFO - 1 change detected
2026-07-05 10:20:39,555 - INFO - 1 change detected
2026-07-05 10:20:39,907 - INFO - 1 change detected
2026-07-05 10:20:40,270 - INFO - 1 change detected
2026-07-05 10:20:40,621 - INFO - 1 change detected
2026-07-05 10:20:40,988 - INFO - 1 change detected
2026-07-05 10:20:41,347 - INFO - 1 change detected
2026-07-05 10:20:41,726 - INFO - 1 change detected
2026-07-05 10:20:42,079 - INFO - 1 change detected
2026-07-05 10:20:42,442 - INFO - 1 change detected
2026-07-05 10:20:42,804 - INFO - 1 change detected
2026-07-05 10:20:43,155 - INFO - 1 change detected
2026-07-05 10:20:43,508 - INFO - 1 change detected
2026-07-05 10:20:43,865 - INFO - 1 change detected
2026-07-05 10:20:44,223 - INFO - 1 change detected
2026-07-05 10:20:44,587 - INFO - 1 change detected
2026-07-05 10:20:44,941 - INFO - 1 change detected
2026-07-05 10:20:45,304 - INFO - 1 change detected
2026-07-05 10:20:45,663 - INFO - 1 change detected
2026-07-05 10:20:46,030 - INFO - 1 change detected
2026-07-05 10:20:46,381 - INFO - 1 change detected
2026-07-05 10:20:46,738 - INFO - 1 change detected
2026-07-05 10:20:47,089 - INFO - 1 change detected
2026-07-05 10:20:47,454 - INFO - 1 change detected
2026-07-05 10:20:47,820 - INFO - 1 change detected
2026-07-05 10:20:48,177 - INFO - 1 change detected
2026-07-05 10:20:48,531 - INFO - 1 change detected
2026-07-05 10:20:48,884 - INFO - 1 change detected
2026-07-05 10:20:49,237 - INFO - 1 change detected
2026-07-05 10:20:49,603 - INFO - 1 change detected
2026-07-05 10:20:49,955 - INFO - 1 change detected
2026-07-05 10:20:50,307 - INFO - 1 change detected
2026-07-05 10:20:50,672 - INFO - 1 change detected
2026-07-05 10:20:51,032 - INFO - 1 change detected
2026-07-05 10:20:51,388 - INFO - 1 change detected
2026-07-05 10:20:51,746 - INFO - 1 change detected
2026-07-05 10:20:52,106 - INFO - 1 change detected
2026-07-05 10:20:52,471 - INFO - 1 change detected
2026-07-05 10:20:52,823 - INFO - 1 change detected
2026-07-05 10:20:53,181 - INFO - 1 change detected
2026-07-05 10:20:53,545 - INFO - 1 change detected
2026-07-05 10:20:53,907 - INFO - 1 change detected
2026-07-05 10:20:54,271 - INFO - 1 change detected
2026-07-05 10:20:54,623 - INFO - 1 change detected
2026-07-05 10:20:54,989 - INFO - 1 change detected
2026-07-05 10:20:55,353 - INFO - 1 change detected
2026-07-05 10:20:55,734 - INFO - 1 change detected
2026-07-05 10:20:56,105 - INFO - 1 change detected
2026-07-05 10:20:56,471 - INFO - 1 change detected
2026-07-05 10:20:56,823 - INFO - 1 change detected
2026-07-05 10:20:57,175 - INFO - 1 change detected
2026-07-05 10:20:57,538 - INFO - 1 change detected
2026-07-05 10:20:57,903 - INFO - 1 change detected
2026-07-05 10:20:58,255 - INFO - 1 change detected
2026-07-05 10:20:58,611 - INFO - 1 change detected
2026-07-05 10:20:58,972 - INFO - 1 change detected
2026-07-05 10:20:59,324 - INFO - 1 change detected
2026-07-05 10:20:59,689 - INFO - 1 change detected
2026-07-05 10:21:00,054 - INFO - 1 change detected
2026-07-05 10:21:00,409 - INFO - 1 change detected
2026-07-05 10:21:00,771 - INFO - 1 change detected
2026-07-05 10:21:01,137 - INFO - 1 change detected
2026-07-05 10:21:01,495 - INFO - 1 change detected
2026-07-05 10:21:01,854 - INFO - 1 change detected
2026-07-05 10:21:02,207 - INFO - 1 change detected
2026-07-05 10:21:02,566 - INFO - 1 change detected
2026-07-05 10:21:02,929 - INFO - 1 change detected
2026-07-05 10:21:03,286 - INFO - 1 change detected
2026-07-05 10:21:03,643 - INFO - 1 change detected
2026-07-05 10:21:04,003 - INFO - 1 change detected
2026-07-05 10:21:04,359 - INFO - 1 change detected
2026-07-05 10:21:04,720 - INFO - 1 change detected
2026-07-05 10:21:05,072 - INFO - 1 change detected
2026-07-05 10:21:05,426 - INFO - 1 change detected
2026-07-05 10:21:05,801 - INFO - 1 change detected
2026-07-05 10:21:06,161 - INFO - 1 change detected
2026-07-05 10:21:06,527 - INFO - 1 change detected
2026-07-05 10:21:06,892 - INFO - 1 change detected
2026-07-05 10:21:07,246 - INFO - 1 change detected
2026-07-05 10:21:07,607 - INFO - 1 change detected
2026-07-05 10:21:07,969 - INFO - 1 change detected
2026-07-05 10:21:08,320 - INFO - 1 change detected
2026-07-05 10:21:08,673 - INFO - 1 change detected
2026-07-05 10:21:09,025 - INFO - 1 change detected
2026-07-05 10:21:09,382 - INFO - 1 change detected
2026-07-05 10:21:09,738 - INFO - 1 change detected
2026-07-05 10:21:10,103 - INFO - 1 change detected
2026-07-05 10:21:10,454 - INFO - 1 change detected
2026-07-05 10:21:10,805 - INFO - 1 change detected
2026-07-05 10:21:11,169 - INFO - 1 change detected
2026-07-05 10:21:11,520 - INFO - 1 change detected
2026-07-05 10:21:11,873 - INFO - 1 change detected
2026-07-05 10:21:12,236 - INFO - 1 change detected
2026-07-05 10:21:12,587 - INFO - 1 change detected
2026-07-05 10:21:12,952 - INFO - 1 change detected
2026-07-05 10:21:13,317 - INFO - 1 change detected
2026-07-05 10:21:13,671 - INFO - 1 change detected
2026-07-05 10:21:14,033 - INFO - 1 change detected
2026-07-05 10:21:14,387 - INFO - 1 change detected
2026-07-05 10:21:14,743 - INFO - 1 change detected
2026-07-05 10:21:15,104 - INFO - 1 change detected
2026-07-05 10:21:15,470 - INFO - 1 change detected
2026-07-05 10:21:15,836 - INFO - 1 change detected
2026-07-05 10:21:16,188 - INFO - 1 change detected
2026-07-05 10:21:16,554 - INFO - 1 change detected
2026-07-05 10:21:16,920 - INFO - 1 change detected
2026-07-05 10:21:17,279 - INFO - 1 change detected
2026-07-05 10:21:17,638 - INFO - 1 change detected
2026-07-05 10:21:17,992 - INFO - 1 change detected
2026-07-05 10:21:18,357 - INFO - 1 change detected
2026-07-05 10:21:18,720 - INFO - 1 change detected
2026-07-05 10:21:19,083 - INFO - 1 change detected
2026-07-05 10:21:19,436 - INFO - 1 change detected
2026-07-05 10:21:19,787 - INFO - 1 change detected
2026-07-05 10:21:20,152 - INFO - 1 change detected
2026-07-05 10:21:20,504 - INFO - 1 change detected
2026-07-05 10:21:20,869 - INFO - 1 change detected
2026-07-05 10:21:21,221 - INFO - 1 change detected
2026-07-05 10:21:21,585 - INFO - 1 change detected
2026-07-05 10:21:21,937 - INFO - 1 change detected
2026-07-05 10:21:22,303 - INFO - 1 change detected
2026-07-05 10:21:22,655 - INFO - 1 change detected
2026-07-05 10:21:23,019 - INFO - 1 change detected
2026-07-05 10:21:23,373 - INFO - 1 change detected
2026-07-05 10:21:23,737 - INFO - 1 change detected
2026-07-05 10:21:24,088 - INFO - 1 change detected
2026-07-05 10:21:24,451 - INFO - 1 change detected
2026-07-05 10:21:24,803 - INFO - 1 change detected
2026-07-05 10:21:25,169 - INFO - 1 change detected
2026-07-05 10:21:25,521 - INFO - 1 change detected
2026-07-05 10:21:25,883 - INFO - 1 change detected
2026-07-05 10:21:26,250 - INFO - 1 change detected
2026-07-05 10:21:26,606 - INFO - 1 change detected
2026-07-05 10:21:26,970 - INFO - 1 change detected
2026-07-05 10:21:27,336 - INFO - 1 change detected
2026-07-05 10:21:27,688 - INFO - 1 change detected
2026-07-05 10:21:28,051 - INFO - 1 change detected
2026-07-05 10:21:28,403 - INFO - 1 change detected
2026-07-05 10:21:28,755 - INFO - 1 change detected
2026-07-05 10:21:29,108 - INFO - 1 change detected
2026-07-05 10:21:29,474 - INFO - 1 change detected
2026-07-05 10:21:29,826 - INFO - 1 change detected
2026-07-05 10:21:30,180 - INFO - 1 change detected
2026-07-05 10:21:30,539 - INFO - 1 change detected
2026-07-05 10:21:30,904 - INFO - 1 change detected
2026-07-05 10:21:31,265 - INFO - 1 change detected
2026-07-05 10:21:31,622 - INFO - 1 change detected
2026-07-05 10:21:31,985 - INFO - 1 change detected
2026-07-05 10:21:32,337 - INFO - 1 change detected
2026-07-05 10:21:32,700 - INFO - 1 change detected
2026-07-05 10:21:33,060 - INFO - 1 change detected
2026-07-05 10:21:33,417 - INFO - 1 change detected
2026-07-05 10:21:33,786 - INFO - 1 change detected
2026-07-05 10:21:34,137 - INFO - 1 change detected
2026-07-05 10:21:34,488 - INFO - 1 change detected
2026-07-05 10:21:34,853 - INFO - 1 change detected
2026-07-05 10:21:35,216 - INFO - 1 change detected
2026-07-05 10:21:35,573 - INFO - 1 change detected
2026-07-05 10:21:35,936 - INFO - 1 change detected
2026-07-05 10:21:36,287 - INFO - 1 change detected
2026-07-05 10:21:36,653 - INFO - 1 change detected
2026-07-05 10:21:37,014 - INFO - 1 change detected
2026-07-05 10:21:37,369 - INFO - 1 change detected
2026-07-05 10:21:37,727 - INFO - 1 change detected
2026-07-05 10:21:38,084 - INFO - 1 change detected
2026-07-05 10:21:38,437 - INFO - 1 change detected
2026-07-05 10:21:38,803 - INFO - 1 change detected
2026-07-05 10:21:39,163 - INFO - 1 change detected
2026-07-05 10:21:39,518 - INFO - 1 change detected
2026-07-05 10:21:39,875 - INFO - 1 change detected
2026-07-05 10:21:40,235 - INFO - 1 change detected
2026-07-05 10:21:40,589 - INFO - 1 change detected
2026-07-05 10:21:40,954 - INFO - 1 change detected
2026-07-05 10:21:41,311 - INFO - 1 change detected
2026-07-05 10:21:41,670 - INFO - 1 change detected
2026-07-05 10:21:42,028 - INFO - 1 change detected
2026-07-05 10:21:42,387 - INFO - 1 change detected
2026-07-05 10:21:42,751 - INFO - 1 change detected
2026-07-05 10:21:43,115 - INFO - 1 change detected
2026-07-05 10:21:43,468 - INFO - 1 change detected
2026-07-05 10:21:43,829 - INFO - 1 change detected
2026-07-05 10:21:44,186 - INFO - 1 change detected
2026-07-05 10:21:44,552 - INFO - 1 change detected
2026-07-05 10:21:44,905 - INFO - 1 change detected
2026-07-05 10:21:45,259 - INFO - 1 change detected
2026-07-05 10:21:45,624 - INFO - 1 change detected
2026-07-05 10:21:45,986 - INFO - 1 change detected
2026-07-05 10:21:46,342 - INFO - 1 change detected
2026-07-05 10:21:46,695 - INFO - 1 change detected
2026-07-05 10:21:47,057 - INFO - 1 change detected
2026-07-05 10:21:47,419 - INFO - 1 change detected
2026-07-05 10:21:47,774 - INFO - 1 change detected
2026-07-05 10:21:48,135 - INFO - 1 change detected
2026-07-05 10:21:48,486 - INFO - 1 change detected
2026-07-05 10:21:48,846 - INFO - 1 change detected
2026-07-05 10:21:49,231 - INFO - 1 change detected
2026-07-05 10:21:49,585 - INFO - 1 change detected
2026-07-05 10:21:49,940 - INFO - 1 change detected
2026-07-05 10:21:50,303 - INFO - 1 change detected
2026-07-05 10:21:50,655 - INFO - 1 change detected
2026-07-05 10:21:51,019 - INFO - 1 change detected
2026-07-05 10:21:51,373 - INFO - 1 change detected
2026-07-05 10:21:51,737 - INFO - 1 change detected
2026-07-05 10:21:52,101 - INFO - 1 change detected
2026-07-05 10:21:52,468 - INFO - 1 change detected
2026-07-05 10:21:52,820 - INFO - 1 change detected
2026-07-05 10:21:53,171 - INFO - 1 change detected
2026-07-05 10:21:53,534 - INFO - 1 change detected
2026-07-05 10:21:53,887 - INFO - 1 change detected
2026-07-05 10:21:54,247 - INFO - 1 change detected
2026-07-05 10:21:54,603 - INFO - 1 change detected
2026-07-05 10:21:54,970 - INFO - 1 change detected
2026-07-05 10:21:55,335 - INFO - 1 change detected
2026-07-05 10:21:55,687 - INFO - 1 change detected
2026-07-05 10:21:56,050 - INFO - 1 change detected
2026-07-05 10:21:56,402 - INFO - 1 change detected
2026-07-05 10:21:56,753 - INFO - 1 change detected
2026-07-05 10:21:57,115 - INFO - 1 change detected
2026-07-05 10:21:57,467 - INFO - 1 change detected
2026-07-05 10:21:57,826 - INFO - 1 change detected
2026-07-05 10:21:58,187 - INFO - 1 change detected
2026-07-05 10:21:58,576 - INFO - 1 change detected
2026-07-05 10:21:58,937 - INFO - 1 change detected
2026-07-05 10:21:59,294 - INFO - 1 change detected
2026-07-05 10:21:59,653 - INFO - 1 change detected
2026-07-05 10:22:00,019 - INFO - 1 change detected
2026-07-05 10:22:00,374 - INFO - 1 change detected
2026-07-05 10:22:00,734 - INFO - 1 change detected
2026-07-05 10:22:01,085 - INFO - 1 change detected
2026-07-05 10:22:01,436 - INFO - 1 change detected
2026-07-05 10:22:01,788 - INFO - 1 change detected
2026-07-05 10:22:02,142 - INFO - 1 change detected
2026-07-05 10:22:02,503 - INFO - 1 change detected
2026-07-05 10:22:02,857 - INFO - 1 change detected
2026-07-05 10:22:03,214 - INFO - 1 change detected
2026-07-05 10:22:03,568 - INFO - 1 change detected
2026-07-05 10:22:03,920 - INFO - 1 change detected
2026-07-05 10:22:04,277 - INFO - 1 change detected
2026-07-05 10:22:04,638 - INFO - 1 change detected
2026-07-05 10:22:05,003 - INFO - 1 change detected
2026-07-05 10:22:05,355 - INFO - 1 change detected
2026-07-05 10:22:05,719 - INFO - 1 change detected
2026-07-05 10:22:06,083 - INFO - 1 change detected
2026-07-05 10:22:06,450 - INFO - 1 change detected
2026-07-05 10:22:06,802 - INFO - 1 change detected
2026-07-05 10:22:07,168 - INFO - 1 change detected
2026-07-05 10:22:07,522 - INFO - 1 change detected
2026-07-05 10:22:07,873 - INFO - 1 change detected
2026-07-05 10:22:08,224 - INFO - 1 change detected
2026-07-05 10:22:08,586 - INFO - 1 change detected
2026-07-05 10:22:08,937 - INFO - 1 change detected
2026-07-05 10:22:09,300 - INFO - 1 change detected
2026-07-05 10:22:09,666 - INFO - 1 change detected
2026-07-05 10:22:10,020 - INFO - 1 change detected
2026-07-05 10:22:10,385 - INFO - 1 change detected
2026-07-05 10:22:10,748 - INFO - 1 change detected
2026-07-05 10:22:11,112 - INFO - 1 change detected
2026-07-05 10:22:11,476 - INFO - 1 change detected
2026-07-05 10:22:11,833 - INFO - 1 change detected
2026-07-05 10:22:12,235 - INFO - 1 change detected
2026-07-05 10:22:12,588 - INFO - 1 change detected
2026-07-05 10:22:12,948 - INFO - 1 change detected
2026-07-05 10:22:13,301 - INFO - 1 change detected
2026-07-05 10:22:13,664 - INFO - 1 change detected
2026-07-05 10:22:14,026 - INFO - 1 change detected
2026-07-05 10:22:14,380 - INFO - 1 change detected
2026-07-05 10:22:14,739 - INFO - 1 change detected
2026-07-05 10:22:15,100 - INFO - 1 change detected
2026-07-05 10:22:15,451 - INFO - 1 change detected
2026-07-05 10:22:15,803 - INFO - 1 change detected
2026-07-05 10:22:16,161 - INFO - 1 change detected
2026-07-05 10:22:16,521 - INFO - 1 change detected
2026-07-05 10:22:16,882 - INFO - 1 change detected
2026-07-05 10:22:17,241 - INFO - 1 change detected
2026-07-05 10:22:17,650 - INFO - 1 change detected
2026-07-05 10:22:18,002 - INFO - 1 change detected
2026-07-05 10:22:18,363 - INFO - 1 change detected
2026-07-05 10:22:18,715 - INFO - 1 change detected
2026-07-05 10:22:19,076 - INFO - 1 change detected
2026-07-05 10:22:19,429 - INFO - 1 change detected
2026-07-05 10:22:19,786 - INFO - 1 change detected
2026-07-05 10:22:20,150 - INFO - 1 change detected
2026-07-05 10:22:20,512 - INFO - 1 change detected
2026-07-05 10:22:20,873 - INFO - 1 change detected
2026-07-05 10:22:21,229 - INFO - 1 change detected
2026-07-05 10:22:21,586 - INFO - 1 change detected
2026-07-05 10:22:21,947 - INFO - 1 change detected
2026-07-05 10:22:22,308 - INFO - 1 change detected
2026-07-05 10:22:22,668 - INFO - 1 change detected
2026-07-05 10:22:23,054 - INFO - 1 change detected
2026-07-05 10:22:23,417 - INFO - 1 change detected
2026-07-05 10:22:23,782 - INFO - 1 change detected
2026-07-05 10:22:24,140 - INFO - 1 change detected
2026-07-05 10:22:24,498 - INFO - 1 change detected
2026-07-05 10:22:24,859 - INFO - 1 change detected
2026-07-05 10:22:25,225 - INFO - 1 change detected
2026-07-05 10:22:25,588 - INFO - 1 change detected
2026-07-05 10:22:25,941 - INFO - 1 change detected
2026-07-05 10:22:26,298 - INFO - 1 change detected
2026-07-05 10:22:26,664 - INFO - 1 change detected
2026-07-05 10:22:27,017 - INFO - 1 change detected
2026-07-05 10:22:27,378 - INFO - 1 change detected
2026-07-05 10:22:27,732 - INFO - 1 change detected
2026-07-05 10:22:28,091 - INFO - 1 change detected
2026-07-05 10:22:28,448 - INFO - 1 change detected
2026-07-05 10:22:28,801 - INFO - 1 change detected
2026-07-05 10:22:29,164 - INFO - 1 change detected
2026-07-05 10:22:29,517 - INFO - 1 change detected
2026-07-05 10:22:29,876 - INFO - 1 change detected
2026-07-05 10:22:30,236 - INFO - 1 change detected
2026-07-05 10:22:30,601 - INFO - 1 change detected
2026-07-05 10:22:30,972 - INFO - 1 change detected
2026-07-05 10:22:31,327 - INFO - 1 change detected
2026-07-05 10:22:31,681 - INFO - 1 change detected
2026-07-05 10:22:32,037 - INFO - 1 change detected
2026-07-05 10:22:32,400 - INFO - 1 change detected
2026-07-05 10:22:32,765 - INFO - 1 change detected
2026-07-05 10:22:33,129 - INFO - 1 change detected
2026-07-05 10:22:33,481 - INFO - 1 change detected
2026-07-05 10:22:33,844 - INFO - 1 change detected
2026-07-05 10:22:34,201 - INFO - 1 change detected
2026-07-05 10:22:34,565 - INFO - 1 change detected
2026-07-05 10:22:34,916 - INFO - 1 change detected
2026-07-05 10:22:35,268 - INFO - 1 change detected
2026-07-05 10:22:35,625 - INFO - 1 change detected
2026-07-05 10:22:35,987 - INFO - 1 change detected
2026-07-05 10:22:36,348 - INFO - 1 change detected
2026-07-05 10:22:36,700 - INFO - 1 change detected
2026-07-05 10:22:37,059 - INFO - 1 change detected
2026-07-05 10:22:37,419 - INFO - 1 change detected
2026-07-05 10:22:37,777 - INFO - 1 change detected
2026-07-05 10:22:38,142 - INFO - 1 change detected
2026-07-05 10:22:38,497 - INFO - 1 change detected
2026-07-05 10:22:38,935 - INFO - 1 change detected
2026-07-05 10:22:39,298 - INFO - 1 change detected
2026-07-05 10:22:39,664 - INFO - 1 change detected
2026-07-05 10:22:40,027 - INFO - 1 change detected
2026-07-05 10:22:40,382 - INFO - 1 change detected
2026-07-05 10:22:40,747 - INFO - 1 change detected
2026-07-05 10:22:41,110 - INFO - 1 change detected
2026-07-05 10:22:41,467 - INFO - 1 change detected
2026-07-05 10:22:41,831 - INFO - 1 change detected
2026-07-05 10:22:42,190 - INFO - 1 change detected
2026-07-05 10:22:42,548 - INFO - 1 change detected
2026-07-05 10:22:42,914 - INFO - 1 change detected
2026-07-05 10:22:43,266 - INFO - 1 change detected
2026-07-05 10:22:43,630 - INFO - 1 change detected
2026-07-05 10:22:43,984 - INFO - 1 change detected
2026-07-05 10:22:44,344 - INFO - 1 change detected
2026-07-05 10:22:44,706 - INFO - 1 change detected
2026-07-05 10:22:45,061 - INFO - 1 change detected
2026-07-05 10:22:45,423 - INFO - 1 change detected
2026-07-05 10:22:45,779 - INFO - 1 change detected
2026-07-05 10:22:46,138 - INFO - 1 change detected
2026-07-05 10:22:46,496 - INFO - 1 change detected
2026-07-05 10:22:46,871 - INFO - 1 change detected
2026-07-05 10:22:47,225 - INFO - 1 change detected
2026-07-05 10:22:47,582 - INFO - 1 change detected
2026-07-05 10:22:47,936 - INFO - 1 change detected
2026-07-05 10:22:48,289 - INFO - 1 change detected
2026-07-05 10:22:48,646 - INFO - 1 change detected
2026-07-05 10:22:49,009 - INFO - 1 change detected
2026-07-05 10:22:49,368 - INFO - 1 change detected
2026-07-05 10:22:49,720 - INFO - 1 change detected
2026-07-05 10:22:50,077 - INFO - 1 change detected
2026-07-05 10:22:50,435 - INFO - 1 change detected
2026-07-05 10:22:50,792 - INFO - 1 change detected
2026-07-05 10:22:51,152 - INFO - 1 change detected
2026-07-05 10:22:51,510 - INFO - 1 change detected
2026-07-05 10:22:51,870 - INFO - 1 change detected
2026-07-05 10:22:52,226 - INFO - 1 change detected
2026-07-05 10:22:52,579 - INFO - 1 change detected
2026-07-05 10:22:52,934 - INFO - 1 change detected
2026-07-05 10:22:53,297 - INFO - 1 change detected
2026-07-05 10:22:53,653 - INFO - 1 change detected
2026-07-05 10:22:54,050 - INFO - 1 change detected
2026-07-05 10:22:54,412 - INFO - 1 change detected
2026-07-05 10:22:54,772 - INFO - 1 change detected
2026-07-05 10:22:55,126 - INFO - 1 change detected
2026-07-05 10:22:55,478 - INFO - 1 change detected
2026-07-05 10:22:55,840 - INFO - 1 change detected
2026-07-05 10:22:56,194 - INFO - 1 change detected
2026-07-05 10:22:56,555 - INFO - 1 change detected
2026-07-05 10:22:56,912 - INFO - 1 change detected
2026-07-05 10:22:57,268 - INFO - 1 change detected
2026-07-05 10:22:57,629 - INFO - 1 change detected
2026-07-05 10:22:57,993 - INFO - 1 change detected
2026-07-05 10:22:58,348 - INFO - 1 change detected
2026-07-05 10:22:58,702 - INFO - 1 change detected
2026-07-05 10:22:59,070 - INFO - 1 change detected
2026-07-05 10:22:59,429 - INFO - 1 change detected
2026-07-05 10:22:59,782 - INFO - 1 change detected
2026-07-05 10:23:00,142 - INFO - 1 change detected
2026-07-05 10:23:00,509 - INFO - 1 change detected
2026-07-05 10:23:00,867 - INFO - 1 change detected
2026-07-05 10:23:01,219 - INFO - 1 change detected
2026-07-05 10:23:01,583 - INFO - 1 change detected
2026-07-05 10:23:01,936 - INFO - 1 change detected
2026-07-05 10:23:02,300 - INFO - 1 change detected
2026-07-05 10:23:02,654 - INFO - 1 change detected
2026-07-05 10:23:03,017 - INFO - 1 change detected
2026-07-05 10:23:03,383 - INFO - 1 change detected
2026-07-05 10:23:03,737 - INFO - 1 change detected
2026-07-05 10:23:04,100 - INFO - 1 change detected
2026-07-05 10:23:04,466 - INFO - 1 change detected
2026-07-05 10:23:04,828 - INFO - 1 change detected
2026-07-05 10:23:05,184 - INFO - 1 change detected
2026-07-05 10:23:05,535 - INFO - 1 change detected
2026-07-05 10:23:05,885 - INFO - 1 change detected
2026-07-05 10:23:06,250 - INFO - 1 change detected
2026-07-05 10:23:06,602 - INFO - 1 change detected
2026-07-05 10:23:06,956 - INFO - 1 change detected
2026-07-05 10:23:07,317 - INFO - 1 change detected
2026-07-05 10:23:07,681 - INFO - 1 change detected
2026-07-05 10:23:08,034 - INFO - 1 change detected
2026-07-05 10:23:08,400 - INFO - 1 change detected
2026-07-05 10:23:08,764 - INFO - 1 change detected
2026-07-05 10:23:09,118 - INFO - 1 change detected
2026-07-05 10:23:09,483 - INFO - 1 change detected
2026-07-05 10:23:09,841 - INFO - 1 change detected
2026-07-05 10:23:10,197 - INFO - 1 change detected
2026-07-05 10:23:10,551 - INFO - 1 change detected
2026-07-05 10:23:10,917 - INFO - 1 change detected
2026-07-05 10:23:11,268 - INFO - 1 change detected
2026-07-05 10:23:11,634 - INFO - 1 change detected
2026-07-05 10:23:11,985 - INFO - 1 change detected
2026-07-05 10:23:12,351 - INFO - 1 change detected
2026-07-05 10:23:12,716 - INFO - 1 change detected
2026-07-05 10:23:13,067 - INFO - 1 change detected
2026-07-05 10:23:13,432 - INFO - 1 change detected
2026-07-05 10:23:13,784 - INFO - 1 change detected
2026-07-05 10:23:14,140 - INFO - 1 change detected
2026-07-05 10:23:14,499 - INFO - 1 change detected
2026-07-05 10:23:14,857 - INFO - 1 change detected
2026-07-05 10:23:15,217 - INFO - 1 change detected
2026-07-05 10:23:15,583 - INFO - 1 change detected
2026-07-05 10:23:15,935 - INFO - 1 change detected
2026-07-05 10:23:16,300 - INFO - 1 change detected
2026-07-05 10:23:16,667 - INFO - 1 change detected
2026-07-05 10:23:17,019 - INFO - 1 change detected
2026-07-05 10:23:17,383 - INFO - 1 change detected
2026-07-05 10:23:17,749 - INFO - 1 change detected
2026-07-05 10:23:18,100 - INFO - 1 change detected
2026-07-05 10:23:18,466 - INFO - 1 change detected
2026-07-05 10:23:18,842 - INFO - 1 change detected
2026-07-05 10:23:19,201 - INFO - 1 change detected
2026-07-05 10:23:19,567 - INFO - 1 change detected
2026-07-05 10:23:19,933 - INFO - 1 change detected
2026-07-05 10:23:20,284 - INFO - 1 change detected
2026-07-05 10:23:20,637 - INFO - 1 change detected
2026-07-05 10:23:20,988 - INFO - 1 change detected
2026-07-05 10:23:21,352 - INFO - 1 change detected
2026-07-05 10:23:21,704 - INFO - 1 change detected
2026-07-05 10:23:22,066 - INFO - 1 change detected
2026-07-05 10:23:22,419 - INFO - 1 change detected
2026-07-05 10:23:22,781 - INFO - 1 change detected
2026-07-05 10:23:23,133 - INFO - 1 change detected
2026-07-05 10:23:23,500 - INFO - 1 change detected
2026-07-05 10:23:23,858 - INFO - 1 change detected
2026-07-05 10:23:24,216 - INFO - 1 change detected
2026-07-05 10:23:24,568 - INFO - 1 change detected
2026-07-05 10:23:24,926 - INFO - 1 change detected
2026-07-05 10:23:25,284 - INFO - 1 change detected
2026-07-05 10:23:25,635 - INFO - 1 change detected
2026-07-05 10:23:25,990 - INFO - 1 change detected
2026-07-05 10:23:26,346 - INFO - 1 change detected
2026-07-05 10:23:26,700 - INFO - 1 change detected
2026-07-05 10:23:27,052 - INFO - 1 change detected
2026-07-05 10:23:27,415 - INFO - 1 change detected
2026-07-05 10:23:27,767 - INFO - 1 change detected
2026-07-05 10:23:28,127 - INFO - 1 change detected
2026-07-05 10:23:28,480 - INFO - 1 change detected
2026-07-05 10:23:28,833 - INFO - 1 change detected
2026-07-05 10:23:29,187 - INFO - 1 change detected
2026-07-05 10:23:29,550 - INFO - 1 change detected
2026-07-05 10:23:29,901 - INFO - 1 change detected
2026-07-05 10:23:30,251 - INFO - 1 change detected
2026-07-05 10:23:30,616 - INFO - 1 change detected
2026-07-05 10:23:30,968 - INFO - 1 change detected
2026-07-05 10:23:31,320 - INFO - 1 change detected
2026-07-05 10:23:31,673 - INFO - 1 change detected
2026-07-05 10:23:32,034 - INFO - 1 change detected
2026-07-05 10:23:32,390 - INFO - 1 change detected
2026-07-05 10:23:32,744 - INFO - 1 change detected
2026-07-05 10:23:33,097 - INFO - 1 change detected
2026-07-05 10:23:33,449 - INFO - 1 change detected
2026-07-05 10:23:33,806 - INFO - 1 change detected
2026-07-05 10:23:34,166 - INFO - 1 change detected
2026-07-05 10:23:34,516 - INFO - 1 change detected
2026-07-05 10:23:34,869 - INFO - 1 change detected
2026-07-05 10:23:35,235 - INFO - 1 change detected
2026-07-05 10:23:35,594 - INFO - 1 change detected
2026-07-05 10:23:35,949 - INFO - 1 change detected
2026-07-05 10:23:36,310 - INFO - 1 change detected
2026-07-05 10:23:36,674 - INFO - 1 change detected
2026-07-05 10:23:37,033 - INFO - 1 change detected
2026-07-05 10:23:37,385 - INFO - 1 change detected
2026-07-05 10:23:37,736 - INFO - 1 change detected
2026-07-05 10:23:38,098 - INFO - 1 change detected
2026-07-05 10:23:38,462 - INFO - 1 change detected
2026-07-05 10:23:38,815 - INFO - 1 change detected
2026-07-05 10:23:39,166 - INFO - 1 change detected
2026-07-05 10:23:39,530 - INFO - 1 change detected
2026-07-05 10:23:39,891 - INFO - 1 change detected
2026-07-05 10:23:40,250 - INFO - 1 change detected
2026-07-05 10:23:40,611 - INFO - 1 change detected
2026-07-05 10:23:40,970 - INFO - 1 change detected
2026-07-05 10:23:41,330 - INFO - 1 change detected
2026-07-05 10:23:41,691 - INFO - 1 change detected
2026-07-05 10:23:42,051 - INFO - 1 change detected
2026-07-05 10:23:42,418 - INFO - 1 change detected
2026-07-05 10:23:42,778 - INFO - 1 change detected
2026-07-05 10:23:43,133 - INFO - 1 change detected
2026-07-05 10:23:43,500 - INFO - 1 change detected
2026-07-05 10:23:43,866 - INFO - 1 change detected
2026-07-05 10:23:44,232 - INFO - 1 change detected
2026-07-05 10:23:44,591 - INFO - 1 change detected
2026-07-05 10:23:44,943 - INFO - 1 change detected
2026-07-05 10:23:45,300 - INFO - 1 change detected
2026-07-05 10:23:45,662 - INFO - 1 change detected
2026-07-05 10:23:46,013 - INFO - 1 change detected
2026-07-05 10:23:46,366 - INFO - 1 change detected
2026-07-05 10:23:46,735 - INFO - 1 change detected
2026-07-05 10:23:47,087 - INFO - 1 change detected
2026-07-05 10:23:47,447 - INFO - 1 change detected
2026-07-05 10:23:47,809 - INFO - 1 change detected
2026-07-05 10:23:48,164 - INFO - 1 change detected
2026-07-05 10:23:48,517 - INFO - 1 change detected
2026-07-05 10:23:48,874 - INFO - 1 change detected
2026-07-05 10:23:49,241 - INFO - 1 change detected
2026-07-05 10:23:49,602 - INFO - 1 change detected
2026-07-05 10:23:49,966 - INFO - 1 change detected
2026-07-05 10:23:50,317 - INFO - 1 change detected
2026-07-05 10:23:50,683 - INFO - 1 change detected
2026-07-05 10:23:51,037 - INFO - 1 change detected
2026-07-05 10:23:51,399 - INFO - 1 change detected
2026-07-05 10:23:51,764 - INFO - 1 change detected
2026-07-05 10:23:52,116 - INFO - 1 change detected
2026-07-05 10:23:52,467 - INFO - 1 change detected
2026-07-05 10:23:52,827 - INFO - 1 change detected
2026-07-05 10:23:53,185 - INFO - 1 change detected
2026-07-05 10:23:53,536 - INFO - 1 change detected
2026-07-05 10:23:53,889 - INFO - 1 change detected
2026-07-05 10:23:54,249 - INFO - 1 change detected
2026-07-05 10:23:54,609 - INFO - 1 change detected
2026-07-05 10:23:54,975 - INFO - 1 change detected
2026-07-05 10:23:55,334 - INFO - 1 change detected
2026-07-05 10:23:55,688 - INFO - 1 change detected
2026-07-05 10:23:56,050 - INFO - 1 change detected
2026-07-05 10:23:56,415 - INFO - 1 change detected
2026-07-05 10:23:56,804 - INFO - 1 change detected
2026-07-05 10:23:57,166 - INFO - 1 change detected
2026-07-05 10:23:57,521 - INFO - 1 change detected
2026-07-05 10:23:57,880 - INFO - 1 change detected
2026-07-05 10:23:58,247 - INFO - 1 change detected
2026-07-05 10:23:58,605 - INFO - 1 change detected
2026-07-05 10:23:58,966 - INFO - 1 change detected
2026-07-05 10:23:59,323 - INFO - 1 change detected
2026-07-05 10:23:59,678 - INFO - 1 change detected
2026-07-05 10:24:00,044 - INFO - 1 change detected
2026-07-05 10:24:00,397 - INFO - 1 change detected
2026-07-05 10:24:00,754 - INFO - 1 change detected
2026-07-05 10:24:01,120 - INFO - 1 change detected
2026-07-05 10:24:01,510 - INFO - 1 change detected
2026-07-05 10:24:01,863 - INFO - 1 change detected
2026-07-05 10:24:02,230 - INFO - 1 change detected
2026-07-05 10:24:02,583 - INFO - 1 change detected
2026-07-05 10:24:02,943 - INFO - 1 change detected
2026-07-05 10:24:03,297 - INFO - 1 change detected
2026-07-05 10:24:03,649 - INFO - 1 change detected
2026-07-05 10:24:04,006 - INFO - 1 change detected
2026-07-05 10:24:04,373 - INFO - 1 change detected
2026-07-05 10:24:04,725 - INFO - 1 change detected
2026-07-05 10:24:05,085 - INFO - 1 change detected
2026-07-05 10:24:05,444 - INFO - 1 change detected
2026-07-05 10:24:05,796 - INFO - 1 change detected
2026-07-05 10:24:06,149 - INFO - 1 change detected
2026-07-05 10:24:06,533 - INFO - 1 change detected
2026-07-05 10:24:06,899 - INFO - 1 change detected
2026-07-05 10:24:07,263 - INFO - 1 change detected
2026-07-05 10:24:07,619 - INFO - 1 change detected
2026-07-05 10:24:07,979 - INFO - 1 change detected
2026-07-05 10:24:08,345 - INFO - 1 change detected
2026-07-05 10:24:08,711 - INFO - 1 change detected
2026-07-05 10:24:09,077 - INFO - 1 change detected
2026-07-05 10:24:09,442 - INFO - 1 change detected
2026-07-05 10:24:09,803 - INFO - 1 change detected
2026-07-05 10:24:10,162 - INFO - 1 change detected
2026-07-05 10:24:10,518 - INFO - 1 change detected
2026-07-05 10:24:10,878 - INFO - 1 change detected
2026-07-05 10:24:11,244 - INFO - 1 change detected
2026-07-05 10:24:11,605 - INFO - 1 change detected
2026-07-05 10:24:11,957 - INFO - 1 change detected
2026-07-05 10:24:12,315 - INFO - 1 change detected
2026-07-05 10:24:12,678 - INFO - 1 change detected
2026-07-05 10:24:13,042 - INFO - 1 change detected
2026-07-05 10:24:13,424 - INFO - 1 change detected
2026-07-05 10:24:13,778 - INFO - 1 change detected
2026-07-05 10:24:14,135 - INFO - 1 change detected
2026-07-05 10:24:14,493 - INFO - 1 change detected
2026-07-05 10:24:14,850 - INFO - 1 change detected
2026-07-05 10:24:15,201 - INFO - 1 change detected
2026-07-05 10:24:15,566 - INFO - 1 change detected
2026-07-05 10:24:15,922 - INFO - 1 change detected
2026-07-05 10:24:16,279 - INFO - 1 change detected
2026-07-05 10:24:16,635 - INFO - 1 change detected
2026-07-05 10:24:16,999 - INFO - 1 change detected
2026-07-05 10:24:17,361 - INFO - 1 change detected
2026-07-05 10:24:17,714 - INFO - 1 change detected
2026-07-05 10:24:18,074 - INFO - 1 change detected
2026-07-05 10:24:18,434 - INFO - 1 change detected
2026-07-05 10:24:18,794 - INFO - 1 change detected
2026-07-05 10:24:19,156 - INFO - 1 change detected
2026-07-05 10:24:19,521 - INFO - 1 change detected
2026-07-05 10:24:19,879 - INFO - 1 change detected
2026-07-05 10:24:20,262 - INFO - 1 change detected
2026-07-05 10:24:20,614 - INFO - 1 change detected
2026-07-05 10:24:20,975 - INFO - 1 change detected
2026-07-05 10:24:21,333 - INFO - 1 change detected
2026-07-05 10:24:21,692 - INFO - 1 change detected
2026-07-05 10:24:22,054 - INFO - 1 change detected
2026-07-05 10:24:22,412 - INFO - 1 change detected
2026-07-05 10:24:22,773 - INFO - 1 change detected
2026-07-05 10:24:23,133 - INFO - 1 change detected
2026-07-05 10:24:23,497 - INFO - 1 change detected
2026-07-05 10:24:23,861 - INFO - 1 change detected
2026-07-05 10:24:24,228 - INFO - 1 change detected
2026-07-05 10:24:24,592 - INFO - 1 change detected
2026-07-05 10:24:24,956 - INFO - 1 change detected
2026-07-05 10:24:25,313 - INFO - 1 change detected
2026-07-05 10:24:25,665 - INFO - 1 change detected
2026-07-05 10:24:26,022 - INFO - 1 change detected
2026-07-05 10:24:26,375 - INFO - 1 change detected
2026-07-05 10:24:26,731 - INFO - 1 change detected
2026-07-05 10:24:27,083 - INFO - 1 change detected
2026-07-05 10:24:27,479 - INFO - 1 change detected
2026-07-05 10:24:27,834 - INFO - 1 change detected
2026-07-05 10:24:28,194 - INFO - 1 change detected
2026-07-05 10:24:28,551 - INFO - 1 change detected
2026-07-05 10:24:28,913 - INFO - 1 change detected
2026-07-05 10:24:29,273 - INFO - 1 change detected
2026-07-05 10:24:29,634 - INFO - 1 change detected
2026-07-05 10:24:29,995 - INFO - 1 change detected
2026-07-05 10:24:30,353 - INFO - 1 change detected
2026-07-05 10:24:30,712 - INFO - 1 change detected
2026-07-05 10:24:31,064 - INFO - 1 change detected
2026-07-05 10:24:31,416 - INFO - 1 change detected
2026-07-05 10:24:31,776 - INFO - 1 change detected
2026-07-05 10:24:32,129 - INFO - 1 change detected
2026-07-05 10:24:32,494 - INFO - 1 change detected
2026-07-05 10:24:32,856 - INFO - 1 change detected
2026-07-05 10:24:33,214 - INFO - 1 change detected
2026-07-05 10:24:33,588 - INFO - 1 change detected
2026-07-05 10:24:33,943 - INFO - 1 change detected
2026-07-05 10:24:34,300 - INFO - 1 change detected
2026-07-05 10:24:34,656 - INFO - 1 change detected
2026-07-05 10:24:35,017 - INFO - 1 change detected
2026-07-05 10:24:35,378 - INFO - 1 change detected
2026-07-05 10:24:35,730 - INFO - 1 change detected
2026-07-05 10:24:36,084 - INFO - 1 change detected
2026-07-05 10:24:36,444 - INFO - 1 change detected
2026-07-05 10:24:36,806 - INFO - 1 change detected
2026-07-05 10:24:37,171 - INFO - 1 change detected
2026-07-05 10:24:37,535 - INFO - 1 change detected
2026-07-05 10:24:37,897 - INFO - 1 change detected
2026-07-05 10:24:38,261 - INFO - 1 change detected
2026-07-05 10:24:38,615 - INFO - 1 change detected
2026-07-05 10:24:38,998 - INFO - 1 change detected
2026-07-05 10:24:39,364 - INFO - 1 change detected
2026-07-05 10:24:39,729 - INFO - 1 change detected
2026-07-05 10:24:40,083 - INFO - 1 change detected
2026-07-05 10:24:40,448 - INFO - 1 change detected
2026-07-05 10:24:40,815 - INFO - 1 change detected
2026-07-05 10:24:41,181 - INFO - 1 change detected
2026-07-05 10:24:41,532 - INFO - 1 change detected
2026-07-05 10:24:41,897 - INFO - 1 change detected
2026-07-05 10:24:42,250 - INFO - 1 change detected
2026-07-05 10:24:42,615 - INFO - 1 change detected
2026-07-05 10:24:42,966 - INFO - 1 change detected
2026-07-05 10:24:43,318 - INFO - 1 change detected
2026-07-05 10:24:43,670 - INFO - 1 change detected
2026-07-05 10:24:44,031 - INFO - 1 change detected
2026-07-05 10:24:44,396 - INFO - 1 change detected
2026-07-05 10:24:44,748 - INFO - 1 change detected
2026-07-05 10:24:45,112 - INFO - 1 change detected
2026-07-05 10:24:45,464 - INFO - 1 change detected
2026-07-05 10:24:45,827 - INFO - 1 change detected
2026-07-05 10:24:46,198 - INFO - 1 change detected
2026-07-05 10:24:46,550 - INFO - 1 change detected
2026-07-05 10:24:46,902 - INFO - 1 change detected
2026-07-05 10:24:47,261 - INFO - 1 change detected
2026-07-05 10:24:47,628 - INFO - 1 change detected
2026-07-05 10:24:47,980 - INFO - 1 change detected
2026-07-05 10:24:48,342 - INFO - 1 change detected
2026-07-05 10:24:48,702 - INFO - 1 change detected
2026-07-05 10:24:49,053 - INFO - 1 change detected
2026-07-05 10:24:49,414 - INFO - 1 change detected
2026-07-05 10:24:49,781 - INFO - 1 change detected
2026-07-05 10:24:50,144 - INFO - 1 change detected
2026-07-05 10:24:50,498 - INFO - 1 change detected
2026-07-05 10:24:50,858 - INFO - 1 change detected
2026-07-05 10:24:51,215 - INFO - 1 change detected
2026-07-05 10:24:51,580 - INFO - 1 change detected
2026-07-05 10:24:51,947 - INFO - 1 change detected
2026-07-05 10:24:52,310 - INFO - 1 change detected
2026-07-05 10:24:52,665 - INFO - 1 change detected
2026-07-05 10:24:53,029 - INFO - 1 change detected
2026-07-05 10:24:53,381 - INFO - 1 change detected
2026-07-05 10:24:53,732 - INFO - 1 change detected
2026-07-05 10:24:54,096 - INFO - 1 change detected
2026-07-05 10:24:54,463 - INFO - 1 change detected
2026-07-05 10:24:54,814 - INFO - 1 change detected
2026-07-05 10:24:55,173 - INFO - 1 change detected
2026-07-05 10:24:55,526 - INFO - 1 change detected
2026-07-05 10:24:55,881 - INFO - 1 change detected
2026-07-05 10:24:56,246 - INFO - 1 change detected
2026-07-05 10:24:56,598 - INFO - 1 change detected
2026-07-05 10:24:56,963 - INFO - 1 change detected
2026-07-05 10:24:57,327 - INFO - 1 change detected
2026-07-05 10:24:57,678 - INFO - 1 change detected
2026-07-05 10:24:58,047 - INFO - 1 change detected
2026-07-05 10:24:58,398 - INFO - 1 change detected
2026-07-05 10:24:58,764 - INFO - 1 change detected
2026-07-05 10:24:59,129 - INFO - 1 change detected
2026-07-05 10:24:59,481 - INFO - 1 change detected
2026-07-05 10:24:59,841 - INFO - 1 change detected
2026-07-05 10:25:00,202 - INFO - 1 change detected
2026-07-05 10:25:00,564 - INFO - 1 change detected
2026-07-05 10:25:00,921 - INFO - 1 change detected
2026-07-05 10:25:01,276 - INFO - 1 change detected
2026-07-05 10:25:01,646 - INFO - 1 change detected
2026-07-05 10:25:02,000 - INFO - 1 change detected
2026-07-05 10:25:02,362 - INFO - 1 change detected
2026-07-05 10:25:02,713 - INFO - 1 change detected
2026-07-05 10:25:03,069 - INFO - 1 change detected
2026-07-05 10:25:03,431 - INFO - 1 change detected
2026-07-05 10:25:03,795 - INFO - 1 change detected
2026-07-05 10:25:04,161 - INFO - 1 change detected
2026-07-05 10:25:04,517 - INFO - 1 change detected
2026-07-05 10:25:04,889 - INFO - 1 change detected
2026-07-05 10:25:05,252 - INFO - 1 change detected
2026-07-05 10:25:05,614 - INFO - 1 change detected
2026-07-05 10:25:05,982 - INFO - 1 change detected
2026-07-05 10:25:06,343 - INFO - 1 change detected
2026-07-05 10:25:06,696 - INFO - 1 change detected
2026-07-05 10:25:07,061 - INFO - 1 change detected
2026-07-05 10:25:07,419 - INFO - 1 change detected
2026-07-05 10:25:07,780 - INFO - 1 change detected
2026-07-05 10:25:08,154 - INFO - 1 change detected
2026-07-05 10:25:08,516 - INFO - 1 change detected
2026-07-05 10:25:08,874 - INFO - 1 change detected
2026-07-05 10:25:09,234 - INFO - 1 change detected
2026-07-05 10:25:09,597 - INFO - 1 change detected
2026-07-05 10:25:09,959 - INFO - 1 change detected
2026-07-05 10:25:10,317 - INFO - 1 change detected
2026-07-05 10:25:10,679 - INFO - 1 change detected
2026-07-05 10:25:11,044 - INFO - 1 change detected
2026-07-05 10:25:11,398 - INFO - 1 change detected
2026-07-05 10:25:11,758 - INFO - 1 change detected
2026-07-05 10:25:12,122 - INFO - 1 change detected
2026-07-05 10:25:12,479 - INFO - 1 change detected
2026-07-05 10:25:12,839 - INFO - 1 change detected
2026-07-05 10:25:13,206 - INFO - 1 change detected
2026-07-05 10:25:13,562 - INFO - 1 change detected
2026-07-05 10:25:13,927 - INFO - 1 change detected
2026-07-05 10:25:14,280 - INFO - 1 change detected
2026-07-05 10:25:14,640 - INFO - 1 change detected
2026-07-05 10:25:14,992 - INFO - 1 change detected
2026-07-05 10:25:15,347 - INFO - 1 change detected
2026-07-05 10:25:15,710 - INFO - 1 change detected
2026-07-05 10:25:16,073 - INFO - 1 change detected
2026-07-05 10:25:16,428 - INFO - 1 change detected
2026-07-05 10:25:16,780 - INFO - 1 change detected
2026-07-05 10:25:17,148 - INFO - 1 change detected
2026-07-05 10:25:17,511 - INFO - 1 change detected
2026-07-05 10:25:17,877 - INFO - 1 change detected
2026-07-05 10:25:18,280 - INFO - 1 change detected
2026-07-05 10:25:18,639 - INFO - 1 change detected
2026-07-05 10:25:18,995 - INFO - 1 change detected
2026-07-05 10:25:19,358 - INFO - 1 change detected
2026-07-05 10:25:19,713 - INFO - 1 change detected
2026-07-05 10:25:20,076 - INFO - 1 change detected
2026-07-05 10:25:20,442 - INFO - 1 change detected
2026-07-05 10:25:20,804 - INFO - 1 change detected
2026-07-05 10:25:21,163 - INFO - 1 change detected
2026-07-05 10:25:21,520 - INFO - 1 change detected
2026-07-05 10:25:21,871 - INFO - 1 change detected
2026-07-05 10:25:22,237 - INFO - 1 change detected
2026-07-05 10:25:22,595 - INFO - 1 change detected
2026-07-05 10:25:22,946 - INFO - 1 change detected
2026-07-05 10:25:23,310 - INFO - 1 change detected
2026-07-05 10:25:23,675 - INFO - 1 change detected
2026-07-05 10:25:24,028 - INFO - 1 change detected
2026-07-05 10:25:24,380 - INFO - 1 change detected
2026-07-05 10:25:24,743 - INFO - 1 change detected
2026-07-05 10:25:25,097 - INFO - 1 change detected
2026-07-05 10:25:25,499 - INFO - 1 change detected
2026-07-05 10:25:25,864 - INFO - 1 change detected
2026-07-05 10:25:26,227 - INFO - 1 change detected
2026-07-05 10:25:26,579 - INFO - 1 change detected
2026-07-05 10:25:26,930 - INFO - 1 change detected
2026-07-05 10:25:27,287 - INFO - 1 change detected
2026-07-05 10:25:27,651 - INFO - 1 change detected
2026-07-05 10:25:28,011 - INFO - 1 change detected
2026-07-05 10:25:28,368 - INFO - 1 change detected
2026-07-05 10:25:28,724 - INFO - 1 change detected
2026-07-05 10:25:29,089 - INFO - 1 change detected
2026-07-05 10:25:29,444 - INFO - 1 change detected
2026-07-05 10:25:29,807 - INFO - 1 change detected
2026-07-05 10:25:30,163 - INFO - 1 change detected
2026-07-05 10:25:30,522 - INFO - 1 change detected
2026-07-05 10:25:30,906 - INFO - 1 change detected
2026-07-05 10:25:31,259 - INFO - 1 change detected
2026-07-05 10:25:31,614 - INFO - 1 change detected
2026-07-05 10:25:31,979 - INFO - 1 change detected
2026-07-05 10:25:32,342 - INFO - 1 change detected
2026-07-05 10:25:32,696 - INFO - 1 change detected
2026-07-05 10:25:33,060 - INFO - 1 change detected
2026-07-05 10:25:33,432 - INFO - 1 change detected
2026-07-05 10:25:33,794 - INFO - 1 change detected
2026-07-05 10:25:34,155 - INFO - 1 change detected
2026-07-05 10:25:34,514 - INFO - 1 change detected
2026-07-05 10:25:34,872 - INFO - 1 change detected
2026-07-05 10:25:35,231 - INFO - 1 change detected
2026-07-05 10:25:35,594 - INFO - 1 change detected
2026-07-05 10:25:35,951 - INFO - 1 change detected
2026-07-05 10:25:36,313 - INFO - 1 change detected
2026-07-05 10:25:36,670 - INFO - 1 change detected
2026-07-05 10:25:37,029 - INFO - 1 change detected
2026-07-05 10:25:37,380 - INFO - 1 change detected
2026-07-05 10:25:37,734 - INFO - 1 change detected
2026-07-05 10:25:38,093 - INFO - 1 change detected
2026-07-05 10:25:38,445 - INFO - 1 change detected
2026-07-05 10:25:38,796 - INFO - 1 change detected
2026-07-05 10:25:39,160 - INFO - 1 change detected
2026-07-05 10:25:39,512 - INFO - 1 change detected
2026-07-05 10:25:39,863 - INFO - 1 change detected
2026-07-05 10:25:40,219 - INFO - 1 change detected
2026-07-05 10:25:40,580 - INFO - 1 change detected
2026-07-05 10:25:40,944 - INFO - 1 change detected
2026-07-05 10:25:41,296 - INFO - 1 change detected
2026-07-05 10:25:41,648 - INFO - 1 change detected
2026-07-05 10:25:42,013 - INFO - 1 change detected
2026-07-05 10:25:42,365 - INFO - 1 change detected
2026-07-05 10:25:42,728 - INFO - 1 change detected
2026-07-05 10:25:43,093 - INFO - 1 change detected
2026-07-05 10:25:43,445 - INFO - 1 change detected
2026-07-05 10:25:43,810 - INFO - 1 change detected
2026-07-05 10:25:44,168 - INFO - 1 change detected
2026-07-05 10:25:44,528 - INFO - 1 change detected
2026-07-05 10:25:44,894 - INFO - 1 change detected
2026-07-05 10:25:45,250 - INFO - 1 change detected
2026-07-05 10:25:45,613 - INFO - 1 change detected
2026-07-05 10:25:45,968 - INFO - 1 change detected
2026-07-05 10:25:46,327 - INFO - 1 change detected
2026-07-05 10:25:46,679 - INFO - 1 change detected
2026-07-05 10:25:47,044 - INFO - 1 change detected
2026-07-05 10:25:47,396 - INFO - 1 change detected
2026-07-05 10:25:47,747 - INFO - 1 change detected
2026-07-05 10:25:48,105 - INFO - 1 change detected
2026-07-05 10:25:48,460 - INFO - 1 change detected
2026-07-05 10:25:48,825 - INFO - 1 change detected
2026-07-05 10:25:49,185 - INFO - 1 change detected
2026-07-05 10:25:49,546 - INFO - 1 change detected
2026-07-05 10:25:49,905 - INFO - 1 change detected
2026-07-05 10:25:50,265 - INFO - 1 change detected
2026-07-05 10:25:50,628 - INFO - 1 change detected
2026-07-05 10:25:50,996 - INFO - 1 change detected
2026-07-05 10:25:51,363 - INFO - 1 change detected
2026-07-05 10:25:51,727 - INFO - 1 change detected
2026-07-05 10:25:52,093 - INFO - 1 change detected
2026-07-05 10:25:52,444 - INFO - 1 change detected
2026-07-05 10:25:52,810 - INFO - 1 change detected
2026-07-05 10:25:53,162 - INFO - 1 change detected
2026-07-05 10:25:53,514 - INFO - 1 change detected
2026-07-05 10:25:53,876 - INFO - 1 change detected
2026-07-05 10:25:54,233 - INFO - 1 change detected
2026-07-05 10:25:54,596 - INFO - 1 change detected
2026-07-05 10:25:54,958 - INFO - 1 change detected
2026-07-05 10:25:55,310 - INFO - 1 change detected
2026-07-05 10:25:55,662 - INFO - 1 change detected
2026-07-05 10:25:56,027 - INFO - 1 change detected
2026-07-05 10:25:56,396 - INFO - 1 change detected
2026-07-05 10:25:56,761 - INFO - 1 change detected
2026-07-05 10:25:57,123 - INFO - 1 change detected
2026-07-05 10:25:57,480 - INFO - 1 change detected
2026-07-05 10:25:57,841 - INFO - 1 change detected
2026-07-05 10:25:58,200 - INFO - 1 change detected
2026-07-05 10:25:58,562 - INFO - 1 change detected
2026-07-05 10:25:58,926 - INFO - 1 change detected
2026-07-05 10:25:59,280 - INFO - 1 change detected
2026-07-05 10:25:59,633 - INFO - 1 change detected
2026-07-05 10:25:59,996 - INFO - 1 change detected
2026-07-05 10:26:00,362 - INFO - 1 change detected
2026-07-05 10:26:00,727 - INFO - 1 change detected
2026-07-05 10:26:01,094 - INFO - 1 change detected
2026-07-05 10:26:01,445 - INFO - 1 change detected
2026-07-05 10:26:01,796 - INFO - 1 change detected
2026-07-05 10:26:02,162 - INFO - 1 change detected
2026-07-05 10:26:02,516 - INFO - 1 change detected
2026-07-05 10:26:02,871 - INFO - 1 change detected
2026-07-05 10:26:03,233 - INFO - 1 change detected
2026-07-05 10:26:03,584 - INFO - 1 change detected
2026-07-05 10:26:03,936 - INFO - 1 change detected
2026-07-05 10:26:04,295 - INFO - 1 change detected
2026-07-05 10:26:04,649 - INFO - 1 change detected
2026-07-05 10:26:05,002 - INFO - 1 change detected
2026-07-05 10:26:05,362 - INFO - 1 change detected
2026-07-05 10:26:05,714 - INFO - 1 change detected
2026-07-05 10:26:06,077 - INFO - 1 change detected
2026-07-05 10:26:06,441 - INFO - 1 change detected
2026-07-05 10:26:06,797 - INFO - 1 change detected
2026-07-05 10:26:07,162 - INFO - 1 change detected
2026-07-05 10:26:07,519 - INFO - 1 change detected
2026-07-05 10:26:07,913 - INFO - 1 change detected
2026-07-05 10:26:08,265 - INFO - 1 change detected
2026-07-05 10:26:08,619 - INFO - 1 change detected
2026-07-05 10:26:08,979 - INFO - 1 change detected
2026-07-05 10:26:09,357 - INFO - 1 change detected
2026-07-05 10:26:09,709 - INFO - 1 change detected
2026-07-05 10:26:10,067 - INFO - 1 change detected
2026-07-05 10:26:10,429 - INFO - 1 change detected
2026-07-05 10:26:10,793 - INFO - 1 change detected
2026-07-05 10:26:11,145 - INFO - 1 change detected
2026-07-05 10:26:11,498 - INFO - 1 change detected
2026-07-05 10:26:11,858 - INFO - 1 change detected
2026-07-05 10:26:12,211 - INFO - 1 change detected
2026-07-05 10:26:12,575 - INFO - 1 change detected
2026-07-05 10:26:12,926 - INFO - 1 change detected
2026-07-05 10:26:13,293 - INFO - 1 change detected
2026-07-05 10:26:13,647 - INFO - 1 change detected
2026-07-05 10:26:14,008 - INFO - 1 change detected
2026-07-05 10:26:14,374 - INFO - 1 change detected
2026-07-05 10:26:14,731 - INFO - 1 change detected
2026-07-05 10:26:15,091 - INFO - 1 change detected
2026-07-05 10:26:15,444 - INFO - 1 change detected
2026-07-05 10:26:15,795 - INFO - 1 change detected
2026-07-05 10:26:16,153 - INFO - 1 change detected
2026-07-05 10:26:16,509 - INFO - 1 change detected
2026-07-05 10:26:16,861 - INFO - 1 change detected
2026-07-05 10:26:17,212 - INFO - 1 change detected
2026-07-05 10:26:17,563 - INFO - 1 change detected
2026-07-05 10:26:17,922 - INFO - 1 change detected
2026-07-05 10:26:18,276 - INFO - 1 change detected
2026-07-05 10:26:18,626 - INFO - 1 change detected
2026-07-05 10:26:18,982 - INFO - 1 change detected
2026-07-05 10:26:19,346 - INFO - 1 change detected
2026-07-05 10:26:19,703 - INFO - 1 change detected
2026-07-05 10:26:20,060 - INFO - 1 change detected
2026-07-05 10:26:20,418 - INFO - 1 change detected
2026-07-05 10:26:20,771 - INFO - 1 change detected
2026-07-05 10:26:21,137 - INFO - 1 change detected
2026-07-05 10:26:21,494 - INFO - 1 change detected
2026-07-05 10:26:21,854 - INFO - 1 change detected
2026-07-05 10:26:22,217 - INFO - 1 change detected
2026-07-05 10:26:22,581 - INFO - 1 change detected
2026-07-05 10:26:22,943 - INFO - 1 change detected
2026-07-05 10:26:23,296 - INFO - 1 change detected
2026-07-05 10:26:23,649 - INFO - 1 change detected
2026-07-05 10:26:24,002 - INFO - 1 change detected
2026-07-05 10:26:24,360 - INFO - 1 change detected
2026-07-05 10:26:24,725 - INFO - 1 change detected
2026-07-05 10:26:25,091 - INFO - 1 change detected
2026-07-05 10:26:25,445 - INFO - 1 change detected
2026-07-05 10:26:25,799 - INFO - 1 change detected
2026-07-05 10:26:26,162 - INFO - 1 change detected
2026-07-05 10:26:26,516 - INFO - 1 change detected
2026-07-05 10:26:26,872 - INFO - 1 change detected
2026-07-05 10:26:27,233 - INFO - 1 change detected
2026-07-05 10:26:27,596 - INFO - 1 change detected
2026-07-05 10:26:27,962 - INFO - 1 change detected
2026-07-05 10:26:28,325 - INFO - 1 change detected
2026-07-05 10:26:28,677 - INFO - 1 change detected
2026-07-05 10:26:29,044 - INFO - 1 change detected
2026-07-05 10:26:29,407 - INFO - 1 change detected
2026-07-05 10:26:29,758 - INFO - 1 change detected
2026-07-05 10:26:30,118 - INFO - 1 change detected
2026-07-05 10:26:30,477 - INFO - 1 change detected
2026-07-05 10:26:30,843 - INFO - 1 change detected
2026-07-05 10:26:31,195 - INFO - 1 change detected
2026-07-05 10:26:31,548 - INFO - 1 change detected
2026-07-05 10:26:31,904 - INFO - 1 change detected
2026-07-05 10:26:32,259 - INFO - 1 change detected
2026-07-05 10:26:32,619 - INFO - 1 change detected
2026-07-05 10:26:32,983 - INFO - 1 change detected
2026-07-05 10:26:33,344 - INFO - 1 change detected
2026-07-05 10:26:33,697 - INFO - 1 change detected
2026-07-05 10:26:34,059 - INFO - 1 change detected
2026-07-05 10:26:34,419 - INFO - 1 change detected
2026-07-05 10:26:34,776 - INFO - 1 change detected
2026-07-05 10:26:35,139 - INFO - 1 change detected
2026-07-05 10:26:35,493 - INFO - 1 change detected
2026-07-05 10:26:35,845 - INFO - 1 change detected
2026-07-05 10:26:36,202 - INFO - 1 change detected
2026-07-05 10:26:36,560 - INFO - 1 change detected
2026-07-05 10:26:36,923 - INFO - 1 change detected
2026-07-05 10:26:37,281 - INFO - 1 change detected
2026-07-05 10:26:37,653 - INFO - 1 change detected
2026-07-05 10:26:38,010 - INFO - 1 change detected
2026-07-05 10:26:38,369 - INFO - 1 change detected
2026-07-05 10:26:38,724 - INFO - 1 change detected
2026-07-05 10:26:39,076 - INFO - 1 change detected
2026-07-05 10:26:39,428 - INFO - 1 change detected
2026-07-05 10:26:39,791 - INFO - 1 change detected
2026-07-05 10:26:40,150 - INFO - 1 change detected
2026-07-05 10:26:40,511 - INFO - 1 change detected
2026-07-05 10:26:40,872 - INFO - 1 change detected
2026-07-05 10:26:41,234 - INFO - 1 change detected
2026-07-05 10:26:41,596 - INFO - 1 change detected
2026-07-05 10:26:41,959 - INFO - 1 change detected
2026-07-05 10:26:42,311 - INFO - 1 change detected
2026-07-05 10:26:42,662 - INFO - 1 change detected
2026-07-05 10:26:43,024 - INFO - 1 change detected
2026-07-05 10:26:43,383 - INFO - 1 change detected
2026-07-05 10:26:43,743 - INFO - 1 change detected
2026-07-05 10:26:44,094 - INFO - 1 change detected
2026-07-05 10:26:44,460 - INFO - 1 change detected
2026-07-05 10:26:44,826 - INFO - 1 change detected
2026-07-05 10:26:45,186 - INFO - 1 change detected
2026-07-05 10:26:45,548 - INFO - 1 change detected
2026-07-05 10:26:45,906 - INFO - 1 change detected
2026-07-05 10:26:46,258 - INFO - 1 change detected
2026-07-05 10:26:46,611 - INFO - 1 change detected
2026-07-05 10:26:46,967 - INFO - 1 change detected
2026-07-05 10:26:47,326 - INFO - 1 change detected
2026-07-05 10:26:47,683 - INFO - 1 change detected
2026-07-05 10:26:48,046 - INFO - 1 change detected
2026-07-05 10:26:48,407 - INFO - 1 change detected
2026-07-05 10:26:48,773 - INFO - 1 change detected
2026-07-05 10:26:49,133 - INFO - 1 change detected
2026-07-05 10:26:49,494 - INFO - 1 change detected
2026-07-05 10:26:49,859 - INFO - 2 changes detected
2026-07-05 10:26:51,712 - INFO - 1 change detected
2026-07-05 10:27:04,373 - INFO - 1 change detected
2026-07-05 10:27:22,806 - INFO - SIAC iniciado correctamente
2026-07-05 10:27:24,125 - INFO - 1 change detected
2026-07-05 10:27:31,739 - INFO - SIAC iniciado correctamente
